#
# There is insufficient memory for the Java Runtime Environment to continue.
# Native memory allocation (mmap) failed to map 65536 bytes. Error detail: Failed to commit metaspace.
# Possible reasons:
#   The system is out of physical RAM or swap space
#   This process is running with CompressedOops enabled, and the Java Heap may be blocking the growth of the native heap
# Possible solutions:
#   Reduce memory load on the system
#   Increase physical memory or swap space
#   Check if swap backing store is full
#   Decrease Java heap size (-Xmx/-Xms)
#   Decrease number of Java threads
#   Decrease Java thread stack sizes (-Xss)
#   Set larger code cache with -XX:ReservedCodeCacheSize=
#   JVM is running with Unscaled Compressed Oops mode in which the Java heap is
#     placed in the first 4GB address space. The Java Heap base address is the
#     maximum limit for the native heap growth. Please use -XX:HeapBaseMinAddress
#     to set the Java Heap base and to place the Java Heap above 4GB virtual address.
# This output file may be truncated or incomplete.
#
#  Out of Memory Error (virtualSpaceNode.cpp:113), pid=12520, tid=5228
#
# JRE version: OpenJDK Runtime Environment Temurin-21.0.8+9 (21.0.8+9) (build 21.0.8+9-LTS)
# Java VM: OpenJDK 64-Bit Server VM Temurin-21.0.8+9 (21.0.8+9-LTS, mixed mode, sharing, tiered, compressed oops, compressed class ptrs, g1 gc, windows-amd64)
# No core dump will be written. Minidumps are not enabled by default on client versions of Windows
#

---------------  S U M M A R Y ------------

Command Line: -ea -Dfile.encoding=UTF-8 -Dstdout.encoding=UTF-8 -Dstderr.encoding=UTF-8 -XX:+ShowCodeDetailsInExceptionMessages --add-opens=jdk.compiler/com.sun.tools.javac.processing=ALL-UNNAMED --add-opens=jdk.compiler/com.sun.tools.javac.api=ALL-UNNAMED org.testng.remote.RemoteTestNG -serport 50153 -protocol json -d C:\Users\PC\git\repository3\saucedemo\test-output C:\Users\PC\git\repository3\saucedemo\testng.xml

Host: Intel(R) Core(TM) i7-8550U CPU @ 1.80GHz, 8 cores, 7G,  Windows 10 , 64 bit Build 19041 (10.0.19041.5915)
Time: Thu Sep 25 07:21:17 2025 India Standard Time elapsed time: 4.558541 seconds (0d 0h 0m 4s)

---------------  T H R E A D  ---------------

Current thread (0x000002242278fdb0):  JavaThread "main"             [_thread_in_vm, id=5228, stack(0x000000dede300000,0x000000dede400000) (1024K)]

Stack: [0x000000dede300000,0x000000dede400000]
Native frames: (J=compiled Java code, j=interpreted, Vv=VM code, C=native code)
V  [jvm.dll+0x6d2449]
V  [jvm.dll+0x8ae341]
V  [jvm.dll+0x8b08be]
V  [jvm.dll+0x8b0fa3]
V  [jvm.dll+0x280c96]
V  [jvm.dll+0x8aa07e]
V  [jvm.dll+0x6745b5]
V  [jvm.dll+0x67461a]
V  [jvm.dll+0x676e02]
V  [jvm.dll+0x676cd2]
V  [jvm.dll+0x674f8e]
V  [jvm.dll+0x685fd9]
V  [jvm.dll+0x67f40e]
V  [jvm.dll+0x3d7ad1]
C  0x000002242f98bc30

The last pc belongs to method entry point (kind = zerolocals) (printed below).
Java frames: (J=compiled Java code, j=interpreted, Vv=VM code)
j  com.sun.org.apache.xerces.internal.parsers.AbstractDOMParser.dropDocumentReferences()V+0 java.xml@21.0.8
j  com.sun.org.apache.xerces.internal.jaxp.DocumentBuilderImpl.parse(Lorg/xml/sax/InputSource;)Lorg/w3c/dom/Document;+74 java.xml@21.0.8
j  javax.xml.parsers.DocumentBuilder.parse(Ljava/io/InputStream;)Lorg/w3c/dom/Document;+25 java.xml@21.0.8
j  org.apache.poi.ooxml.util.DocumentHelper.readDocument(Ljava/io/InputStream;)Lorg/w3c/dom/Document;+4
j  org.apache.poi.openxml4j.opc.internal.ContentTypeManager.parseContentTypesFile(Ljava/io/InputStream;)V+1
j  org.apache.poi.openxml4j.opc.internal.ContentTypeManager.<init>(Ljava/io/InputStream;Lorg/apache/poi/openxml4j/opc/OPCPackage;)V+26
j  org.apache.poi.openxml4j.opc.internal.ZipContentTypeManager.<init>(Ljava/io/InputStream;Lorg/apache/poi/openxml4j/opc/OPCPackage;)V+3
j  org.apache.poi.openxml4j.opc.ZipPackage.getPartsImpl()Lorg/apache/poi/openxml4j/opc/PackagePartCollection;+66
j  org.apache.poi.openxml4j.opc.OPCPackage.getParts()Ljava/util/ArrayList;+17
j  org.apache.poi.openxml4j.opc.OPCPackage.open(Ljava/io/InputStream;Z)Lorg/apache/poi/openxml4j/opc/OPCPackage;+21
j  org.apache.poi.ooxml.util.PackageHelper.open(Ljava/io/InputStream;Z)Lorg/apache/poi/openxml4j/opc/OPCPackage;+2
j  org.apache.poi.xssf.usermodel.XSSFWorkbook.<init>(Ljava/io/InputStream;Z)V+3
j  org.apache.poi.xssf.usermodel.XSSFWorkbook.<init>(Ljava/io/InputStream;)V+3
j  Utility.ReadExcelFile.getcellvalue(Ljava/lang/String;Ljava/lang/String;II)Ljava/lang/String;+22
j  TestCases.CartTestCase.carttestcase()V+46
j  java.lang.invoke.LambdaForm$DMH+0x000002243e178000.invokeVirtual(Ljava/lang/Object;Ljava/lang/Object;)V+10 java.base@21.0.8
j  java.lang.invoke.LambdaForm$MH+0x000002243e2cdc00.invoke(Ljava/lang/Object;Ljava/lang/Object;)Ljava/lang/Object;+31 java.base@21.0.8
j  java.lang.invoke.Invokers$Holder.invokeExact_MT(Ljava/lang/Object;Ljava/lang/Object;Ljava/lang/Object;)Ljava/lang/Object;+19 java.base@21.0.8
j  jdk.internal.reflect.DirectMethodHandleAccessor.invokeImpl(Ljava/lang/Object;[Ljava/lang/Object;)Ljava/lang/Object;+41 java.base@21.0.8
j  jdk.internal.reflect.DirectMethodHandleAccessor.invoke(Ljava/lang/Object;[Ljava/lang/Object;)Ljava/lang/Object;+23 java.base@21.0.8
j  java.lang.reflect.Method.invoke(Ljava/lang/Object;[Ljava/lang/Object;)Ljava/lang/Object;+102 java.base@21.0.8
j  org.testng.internal.invokers.MethodInvocationHelper.invokeMethod(Ljava/lang/reflect/Method;Ljava/lang/Object;[Ljava/lang/Object;)Ljava/lang/Object;+198
j  org.testng.internal.invokers.TestInvoker.invokeMethod(Lorg/testng/internal/invokers/TestMethodArguments;Lorg/testng/xml/XmlSuite;Lorg/testng/internal/invokers/ITestInvoker$FailureContext;)Lorg/testng/ITestResult;+1028
j  org.testng.internal.invokers.TestInvoker.invokeTestMethod(Lorg/testng/internal/invokers/TestMethodArguments;Lorg/testng/xml/XmlSuite;Lorg/testng/internal/invokers/ITestInvoker$FailureContext;)Lorg/testng/ITestResult;+16
j  org.testng.internal.invokers.MethodRunner.runInSequence(Lorg/testng/internal/invokers/TestMethodArguments;Lorg/testng/internal/invokers/ITestInvoker;Lorg/testng/ITestContext;Ljava/util/concurrent/atomic/AtomicInteger;Lorg/testng/internal/invokers/ITestInvoker$FailureContext;Ljava/util/Iterator;Z)Ljava/util/List;+127
j  org.testng.internal.invokers.TestInvoker$MethodInvocationAgent.invoke(I)I+384
j  org.testng.internal.invokers.TestInvoker.invokeTestMethods(Lorg/testng/ITestNGMethod;Lorg/testng/internal/ConfigurationGroupMethods;Ljava/lang/Object;Lorg/testng/ITestContext;)Ljava/util/List;+571
j  org.testng.internal.invokers.TestMethodWorker.invokeTestMethods(Lorg/testng/ITestNGMethod;Ljava/lang/Object;)V+14
j  org.testng.internal.invokers.TestMethodWorker.run()V+162
j  org.testng.TestRunner$$Lambda+0x000002243e15e000.accept(Ljava/lang/Object;)V+7
j  java.util.ArrayList.forEach(Ljava/util/function/Consumer;)V+46 java.base@21.0.8
j  org.testng.TestRunner.privateRun(Lorg/testng/xml/XmlTest;)V+322
j  org.testng.TestRunner.run()V+11
j  org.testng.SuiteRunner.runTest(Lorg/testng/TestRunner;)V+21
j  org.testng.SuiteRunner.runSequentially()V+31
j  org.testng.SuiteRunner.privateRun()V+341
j  org.testng.SuiteRunner.run()V+6
j  org.testng.SuiteRunnerWorker.runSuite(Lorg/testng/internal/invokers/SuiteRunnerMap;Lorg/testng/xml/XmlSuite;)V+56
j  org.testng.SuiteRunnerWorker.run()V+12
j  org.testng.TestNG.runSuitesSequentially(Lorg/testng/xml/XmlSuite;Lorg/testng/internal/invokers/SuiteRunnerMap;ILjava/lang/String;)V+66
j  org.testng.TestNG.runSuitesLocally()Ljava/util/List;+190
j  org.testng.TestNG.runSuites()Ljava/util/List;+1
j  org.testng.TestNG.run()V+25
j  org.testng.remote.AbstractRemoteTestNG.run()V+149
j  org.testng.remote.RemoteTestNG.initAndRun(Lorg/testng/remote/IRemoteTestNG;[Ljava/lang/String;Lorg/testng/CommandLineArgs;Lorg/testng/remote/RemoteArgs;)V+272
j  org.testng.remote.RemoteTestNG.main([Ljava/lang/String;)V+223
v  ~StubRoutines::call_stub 0x000002242f98100d
method entry point (kind = zerolocals)  [0x000002242f98ba40, 0x000002242f98be08]  968 bytes
[MachCode]
  0x000002242f98ba40: 488b 5308 | 0fb7 4a2e | 0fb7 522c | 2bd1 81fa | f501 0000 | 0f86 2500 | 0000 488b | c248 c1e0 
  0x000002242f98ba60: 0348 83c0 | 5849 0387 | c804 0000 | 483b e00f | 870a 0000 | 0058 498b | e550 e901 | acff ff58 
  0x000002242f98ba80: 4c8d 74cc | f885 d20f | 8e09 0000 | 0068 0000 | 0000 ffca | 7ff7 5055 | 488b ec41 | 5568 0000 
  0x000002242f98baa0: 0000 4c8b | 6b08 4d8d | 6d38 5348 | 8b53 0848 | 8b52 0848 | 8b52 1848 | 8b52 7048 | 8b12 5248 
  0x000002242f98bac0: 8b53 1048 | 85d2 0f84 | 0700 0000 | 4881 c208 | 0100 0052 | 488b 5308 | 488b 5208 | 488b 5210 
  0x000002242f98bae0: 5249 8bc6 | 482b c548 | c1e8 0350 | 4155 6800 | 0000 0048 | 8924 2441 | c687 7104 | 0000 0148 
  0x000002242f98bb00: 8b45 d848 | 85c0 0f84 | 9100 0000 | 8b48 fc85 | c90f 8886 | 0000 0048 | 03c1 488b | 4808 4883 
  0x000002242f98bb20: e902 488b | 54c8 1048 | f7da 498b | 14d6 4885 | d275 10f6 | 44c8 1801 | 755d f048 | 834c c818 
  0x000002242f98bb40: 01eb 548b | 5208 49ba | 0000 003d | 2402 0000 | 4903 d24c | 8bd2 4833 | 54c8 1848 | f7c2 fcff 
  0x000002242f98bb60: ffff 7433 | f6c2 0275 | 2e48 837c | c818 0074 | 2148 837c | c818 0174 | 1949 8bd2 | 4833 54c8 
  0x000002242f98bb80: 1848 f7c2 | fcff ffff | 740d 4883 | 4cc8 1802 | eb05 4889 | 54c8 1848 | 83e9 0279 | 8548 8b43 
  0x000002242f98bba0: 1048 85c0 | 7420 8b88 | cc00 0000 | 83c1 0289 | 88cc 0000 | 0023 88e0 | 0000 000f | 8496 0100 
  0x000002242f98bbc0: 00e9 cf00 | 0000 488b | 4318 4885 | c00f 85b0 | 0000 00e8 | 0500 0000 | e999 0000 | 0048 8bd3 
  0x000002242f98bbe0: 488d 4424 | 084c 896d | c049 8bcf | c5f8 7749 | 89af a803 | 0000 4989 | 8798 0300 | 0048 83ec 
  0x000002242f98bc00: 2040 f6c4 | 0f0f 8419 | 0000 0048 | 83ec 0848 | b8b0 7a22 | 64fd 7f00 | 00ff d048 | 83c4 08e9 
  0x000002242f98bc20: 0c00 0000 | 48b8 b07a | 2264 fd7f | 0000 ffd0 | 4883 c420 | 49c7 8798 | 0300 0000 | 0000 0049 
  0x000002242f98bc40: c787 a803 | 0000 0000 | 0000 49c7 | 87a0 0300 | 0000 0000 | 00c5 f877 | 4983 7f08 | 000f 8405 
  0x000002242f98bc60: 0000 00e9 | 9852 ffff | 4c8b 6dc0 | 4c8b 75c8 | 4e8d 74f5 | 00c3 488b | 4318 4885 | c00f 8412 
  0x000002242f98bc80: 0000 008b | 4808 83c1 | 0289 4808 | 2348 1c0f | 84c2 0000 | 0049 3ba7 | e004 0000 | 0f87 4800 
  0x000002242f98bca0: 0000 8984 | 2400 f0ff | ff89 8424 | 00e0 ffff | 8984 2400 | d0ff ff89 | 8424 00c0 | ffff 8984 
  0x000002242f98bcc0: 2400 b0ff | ff89 8424 | 00a0 ffff | 8984 2400 | 90ff ff89 | 8424 0080 | ffff 493b | a7d8 0400 
  0x000002242f98bce0: 0076 0749 | 89a7 e004 | 0000 41c6 | 8771 0400 | 0000 49ba | 56cc ae64 | fd7f 0000 | 4180 3a00 
  0x000002242f98bd00: 0f84 3e00 | 0000 488b | 55e8 498b | cf48 83ec | 2040 f6c4 | 0f0f 8419 | 0000 0048 | 83ec 0848 
  0x000002242f98bd20: b890 8d58 | 64fd 7f00 | 00ff d048 | 83c4 08e9 | 0c00 0000 | 48b8 908d | 5864 fd7f | 0000 ffd0 
  0x000002242f98bd40: 4883 c420 | 410f b65d | 0049 ba30 | 9cb1 64fd | 7f00 0041 | ff24 daba | 0000 0000 | e805 0000 
  0x000002242f98bd60: 00e9 9600 | 0000 488d | 4424 084c | 896d c049 | 8bcf c5f8 | 7749 89af | a803 0000 | 4989 8798 
  0x000002242f98bd80: 0300 0048 | 83ec 2040 | f6c4 0f0f | 8419 0000 | 0048 83ec | 0848 b870 | 8522 64fd | 7f00 00ff 
  0x000002242f98bda0: d048 83c4 | 08e9 0c00 | 0000 48b8 | 7085 2264 | fd7f 0000 | ffd0 4883 | c420 49c7 | 8798 0300 
  0x000002242f98bdc0: 0000 0000 | 0049 c787 | a803 0000 | 0000 0000 | 49c7 87a0 | 0300 0000 | 0000 00c5 | f877 4983 
  0x000002242f98bde0: 7f08 000f | 8405 0000 | 00e9 1251 | ffff 4c8b | 6dc0 4c8b | 75c8 4e8d | 74f5 00c3 | 488b 5de8 
  0x000002242f98be00: e990 feff | ff66 6690 
[/MachCode]

---------------  P R O C E S S  ---------------

Threads class SMR info:
_java_thread_list=0x000002247ef4e8e0, length=30, elements={
0x000002242278fdb0, 0x000002243c969cb0, 0x000002243c96c060, 0x000002243c96e410,
0x000002243c96f0e0, 0x000002243c970480, 0x000002243c971e30, 0x000002243c973bd0,
0x000002243c986880, 0x000002243cacc7a0, 0x000002243cacda30, 0x000002247e6ece00,
0x000002247f12dcd0, 0x000002247f1fe020, 0x000002247ed4a340, 0x000002247f123050,
0x000002247f12ea30, 0x000002247f378490, 0x000002247f378af0, 0x000002247f32c760,
0x000002247f32cdf0, 0x000002247f32ba40, 0x000002247f32c0d0, 0x0000022405386180,
0x0000022405383a20, 0x0000022405386ea0, 0x00000224053840b0, 0x0000022405387530,
0x0000022405384740, 0x000002243c987620
}

Java Threads: ( => current thread )
=>0x000002242278fdb0 JavaThread "main"                              [_thread_in_vm, id=5228, stack(0x000000dede300000,0x000000dede400000) (1024K)]
  0x000002243c969cb0 JavaThread "Reference Handler"          daemon [_thread_blocked, id=9496, stack(0x000000dedeb00000,0x000000dedec00000) (1024K)]
  0x000002243c96c060 JavaThread "Finalizer"                  daemon [_thread_blocked, id=14720, stack(0x000000dedec00000,0x000000deded00000) (1024K)]
  0x000002243c96e410 JavaThread "Signal Dispatcher"          daemon [_thread_blocked, id=2308, stack(0x000000deded00000,0x000000dedee00000) (1024K)]
  0x000002243c96f0e0 JavaThread "Attach Listener"            daemon [_thread_blocked, id=11204, stack(0x000000dedee00000,0x000000dedef00000) (1024K)]
  0x000002243c970480 JavaThread "Service Thread"             daemon [_thread_blocked, id=2524, stack(0x000000dedef00000,0x000000dedf000000) (1024K)]
  0x000002243c971e30 JavaThread "Monitor Deflation Thread"   daemon [_thread_blocked, id=7920, stack(0x000000dedf000000,0x000000dedf100000) (1024K)]
  0x000002243c973bd0 JavaThread "C2 CompilerThread0"         daemon [_thread_blocked, id=5968, stack(0x000000dedf100000,0x000000dedf200000) (1024K)]
  0x000002243c986880 JavaThread "C1 CompilerThread0"         daemon [_thread_in_vm, id=2284, stack(0x000000dedf200000,0x000000dedf300000) (1024K)]
  0x000002243cacc7a0 JavaThread "Common-Cleaner"             daemon [_thread_blocked, id=1856, stack(0x000000dedf300000,0x000000dedf400000) (1024K)]
  0x000002243cacda30 JavaThread "Notification Thread"        daemon [_thread_blocked, id=12976, stack(0x000000dedf400000,0x000000dedf500000) (1024K)]
  0x000002247e6ece00 JavaThread "ReaderThread"                      [_thread_in_native, id=6936, stack(0x000000dedf800000,0x000000dedf900000) (1024K)]
  0x000002247f12dcd0 JavaThread "ForkJoinPool.commonPool-worker-1" daemon [_thread_blocked, id=4792, stack(0x000000dee0000000,0x000000dee0100000) (1024K)]
  0x000002247f1fe020 JavaThread "HttpClient-1-SelectorManager" daemon [_thread_in_native, id=6208, stack(0x000000dee0100000,0x000000dee0200000) (1024K)]
  0x000002247ed4a340 JavaThread "External Process Output Forwarder - C:\Users\PC\.cache\selenium\chromedriver\win64\140.0.7339.207\chromedriver.exe" daemon [_thread_in_native, id=5696, stack(0x000000dee0200000,0x000000dee0300000) (1024K)]
  0x000002247f123050 JavaThread "Driver Service Executor"    daemon [_thread_blocked, id=1132, stack(0x000000dee0300000,0x000000dee0400000) (1024K)]
  0x000002247f12ea30 JavaThread "Driver Service Executor"    daemon [_thread_in_native, id=884, stack(0x000000dee0400000,0x000000dee0500000) (1024K)]
  0x000002247f378490 JavaThread "UrlChecker-2"               daemon [_thread_blocked, id=2368, stack(0x000000dee0500000,0x000000dee0600000) (1024K)]
  0x000002247f378af0 JavaThread "Keep-Alive-Timer"           daemon [_thread_blocked, id=2272, stack(0x000000dee0600000,0x000000dee0700000) (1024K)]
  0x000002247f32c760 JavaThread "JdkHttpClient-0-0"          daemon [_thread_blocked, id=5372, stack(0x000000dee0700000,0x000000dee0800000) (1024K)]
  0x000002247f32cdf0 JavaThread "CompletableFutureDelayScheduler" daemon [_thread_blocked, id=13684, stack(0x000000dee0800000,0x000000dee0900000) (1024K)]
  0x000002247f32ba40 JavaThread "JdkHttpClient-0-1"          daemon [_thread_blocked, id=5600, stack(0x000000dee0900000,0x000000dee0a00000) (1024K)]
  0x000002247f32c0d0 JavaThread "JdkHttpClient-0-2"          daemon [_thread_blocked, id=5412, stack(0x000000dee0a00000,0x000000dee0b00000) (1024K)]
  0x0000022405386180 JavaThread "JdkHttpClient-0-3"          daemon [_thread_blocked, id=2628, stack(0x000000dee0b00000,0x000000dee0c00000) (1024K)]
  0x0000022405383a20 JavaThread "HttpClient-2-SelectorManager" daemon [_thread_in_native, id=11760, stack(0x000000dedf600000,0x000000dedf700000) (1024K)]
  0x0000022405386ea0 JavaThread "JdkHttpClient-1-0"          daemon [_thread_blocked, id=15136, stack(0x000000dee0c00000,0x000000dee0d00000) (1024K)]
  0x00000224053840b0 JavaThread "JdkHttpClient-1-1"          daemon [_thread_blocked, id=3108, stack(0x000000dee0d00000,0x000000dee0e00000) (1024K)]
  0x0000022405387530 JavaThread "JdkHttpClient-1-2"          daemon [_thread_blocked, id=11780, stack(0x000000dee0e00000,0x000000dee0f00000) (1024K)]
  0x0000022405384740 JavaThread "JdkHttpClient-1-3"          daemon [_thread_blocked, id=16176, stack(0x000000dee0f00000,0x000000dee1000000) (1024K)]
  0x000002243c987620 JavaThread "C2 CompilerThread1"         daemon [_thread_blocked, id=7188, stack(0x000000dee1000000,0x000000dee1100000) (1024K)]
Total: 30

Other Threads:
  0x000002243c94aa70 VMThread "VM Thread"                           [id=11116, stack(0x000000dedea00000,0x000000dedeb00000) (1024K)]
  0x000002243c937c40 WatcherThread "VM Periodic Task Thread"        [id=10616, stack(0x000000dede900000,0x000000dedea00000) (1024K)]
  0x0000022424b0a9d0 WorkerThread "GC Thread#0"                     [id=14292, stack(0x000000dede400000,0x000000dede500000) (1024K)]
  0x000002247e6bab70 WorkerThread "GC Thread#1"                     [id=3396, stack(0x000000dedf900000,0x000000dedfa00000) (1024K)]
  0x000002247e6bb650 WorkerThread "GC Thread#2"                     [id=6688, stack(0x000000dedfa00000,0x000000dedfb00000) (1024K)]
  0x000002247e6ba090 WorkerThread "GC Thread#3"                     [id=13944, stack(0x000000dedfb00000,0x000000dedfc00000) (1024K)]
  0x000002247e6bb9f0 WorkerThread "GC Thread#4"                     [id=15200, stack(0x000000dedfc00000,0x000000dedfd00000) (1024K)]
  0x000002247e6ba430 WorkerThread "GC Thread#5"                     [id=9476, stack(0x000000dedfd00000,0x000000dedfe00000) (1024K)]
  0x000002247e6ba7d0 WorkerThread "GC Thread#6"                     [id=14428, stack(0x000000dedfe00000,0x000000dedff00000) (1024K)]
  0x000002247e6bb2b0 WorkerThread "GC Thread#7"                     [id=8336, stack(0x000000dedff00000,0x000000dee0000000) (1024K)]
  0x0000022424b1b5c0 ConcurrentGCThread "G1 Main Marker"            [id=2836, stack(0x000000dede500000,0x000000dede600000) (1024K)]
  0x0000022424b1c920 WorkerThread "G1 Conc#0"                       [id=9436, stack(0x000000dede600000,0x000000dede700000) (1024K)]
  0x000002247ef3a740 WorkerThread "G1 Conc#1"                       [id=11604, stack(0x000000dedf500000,0x000000dedf600000) (1024K)]
  0x000002243c7f9130 ConcurrentGCThread "G1 Refine#0"               [id=7472, stack(0x000000dede700000,0x000000dede800000) (1024K)]
  0x000002243c7f96c0 ConcurrentGCThread "G1 Service"                [id=3536, stack(0x000000dede800000,0x000000dede900000) (1024K)]
Total: 15

Threads with active compile tasks:
C1 CompilerThread0  4589 2928       3       com.sun.org.apache.xerces.internal.impl.XMLEntityScanner::checkBeforeLoad (140 bytes)
Total: 1

VM state: not at safepoint (normal execution)

VM Mutex/Monitor currently owned by a thread:  ([mutex/lock_event])
[0x00007ffd64b03458] Metaspace_lock - owner thread: 0x000002242278fdb0

Heap address: 0x0000000081800000, size: 2024 MB, Compressed Oops mode: 32-bit

CDS archive(s) mapped at: [0x000002243d000000-0x000002243dc80000-0x000002243dc80000), size 13107200, SharedBaseAddress: 0x000002243d000000, ArchiveRelocationMode: 1.
Compressed class space mapped at: 0x000002243e000000-0x000002247e000000, reserved size: 1073741824
Narrow klass base: 0x000002243d000000, Narrow klass shift: 0, Narrow klass range: 0x100000000

GC Precious Log:
 CardTable entry size: 512
 Card Set container configuration: InlinePtr #cards 5 size 8 Array Of Cards #cards 12 size 40 Howl #buckets 4 coarsen threshold 1843 Howl Bitmap #cards 512 size 80 coarsen threshold 460 Card regions per heap region 1 cards per card region 2048
 CPUs: 8 total, 8 available
 Memory: 8089M
 Large Page Support: Disabled
 NUMA Support: Disabled
 Compressed Oops: Enabled (32-bit)
 Heap Region Size: 1M
 Heap Min Capacity: 8M
 Heap Initial Capacity: 128M
 Heap Max Capacity: 2024M
 Pre-touch: Disabled
 Parallel Workers: 8
 Concurrent Workers: 2
 Concurrent Refinement Workers: 8
 Periodic GC: Disabled

Heap:
 garbage-first heap   total 75776K, used 36993K [0x0000000081800000, 0x0000000100000000)
  region size 1024K, 26 young (26624K), 10 survivors (10240K)
 Metaspace       used 25036K, committed 25536K, reserved 1114112K
  class space    used 3006K, committed 3264K, reserved 1048576K

Heap Regions: E=young(eden), S=young(survivor), O=old, HS=humongous(starts), HC=humongous(continues), CS=collection set, F=free, TAMS=top-at-mark-start, PB=parsable bottom
|   0|0x0000000081800000, 0x0000000081900000, 0x0000000081900000|100%|HS|  |TAMS 0x0000000081800000| PB 0x0000000081800000| Complete 
|   1|0x0000000081900000, 0x0000000081a00000, 0x0000000081a00000|100%|HS|  |TAMS 0x0000000081900000| PB 0x0000000081900000| Complete 
|   2|0x0000000081a00000, 0x0000000081b00000, 0x0000000081b00000|100%|HC|  |TAMS 0x0000000081a00000| PB 0x0000000081a00000| Complete 
|   3|0x0000000081b00000, 0x0000000081c00000, 0x0000000081c00000|100%| O|  |TAMS 0x0000000081b00000| PB 0x0000000081b00000| Untracked 
|   4|0x0000000081c00000, 0x0000000081d00000, 0x0000000081d00000|100%| O|  |TAMS 0x0000000081c00000| PB 0x0000000081c00000| Untracked 
|   5|0x0000000081d00000, 0x0000000081e00000, 0x0000000081e00000|100%| O|  |TAMS 0x0000000081d00000| PB 0x0000000081d00000| Untracked 
|   6|0x0000000081e00000, 0x0000000081f00000, 0x0000000081f00000|100%| O|  |TAMS 0x0000000081e00000| PB 0x0000000081e00000| Untracked 
|   7|0x0000000081f00000, 0x0000000082000000, 0x0000000082000000|100%| O|  |TAMS 0x0000000081f00000| PB 0x0000000081f00000| Untracked 
|   8|0x0000000082000000, 0x0000000082100000, 0x0000000082100000|100%| O|  |TAMS 0x0000000082000000| PB 0x0000000082000000| Untracked 
|   9|0x0000000082100000, 0x0000000082200000, 0x0000000082200000|100%| O|  |TAMS 0x0000000082100000| PB 0x0000000082100000| Untracked 
|  10|0x0000000082200000, 0x0000000082300000, 0x0000000082300000|100%| O|  |TAMS 0x0000000082200000| PB 0x0000000082200000| Untracked 
|  11|0x0000000082300000, 0x00000000823aa3e8, 0x0000000082400000| 66%| O|Cm|TAMS 0x0000000082300000| PB 0x0000000082300000| Complete 
|  12|0x0000000082400000, 0x0000000082400000, 0x0000000082500000|  0%| F|  |TAMS 0x0000000082400000| PB 0x0000000082400000| Untracked 
|  13|0x0000000082500000, 0x0000000082500000, 0x0000000082600000|  0%| F|  |TAMS 0x0000000082500000| PB 0x0000000082500000| Untracked 
|  14|0x0000000082600000, 0x0000000082600000, 0x0000000082700000|  0%| F|  |TAMS 0x0000000082600000| PB 0x0000000082600000| Untracked 
|  15|0x0000000082700000, 0x0000000082700000, 0x0000000082800000|  0%| F|  |TAMS 0x0000000082700000| PB 0x0000000082700000| Untracked 
|  16|0x0000000082800000, 0x0000000082800000, 0x0000000082900000|  0%| F|  |TAMS 0x0000000082800000| PB 0x0000000082800000| Untracked 
|  17|0x0000000082900000, 0x0000000082900000, 0x0000000082a00000|  0%| F|  |TAMS 0x0000000082900000| PB 0x0000000082900000| Untracked 
|  18|0x0000000082a00000, 0x0000000082a00000, 0x0000000082b00000|  0%| F|  |TAMS 0x0000000082a00000| PB 0x0000000082a00000| Untracked 
|  19|0x0000000082b00000, 0x0000000082b00000, 0x0000000082c00000|  0%| F|  |TAMS 0x0000000082b00000| PB 0x0000000082b00000| Untracked 
|  20|0x0000000082c00000, 0x0000000082c00000, 0x0000000082d00000|  0%| F|  |TAMS 0x0000000082c00000| PB 0x0000000082c00000| Untracked 
|  21|0x0000000082d00000, 0x0000000082d00000, 0x0000000082e00000|  0%| F|  |TAMS 0x0000000082d00000| PB 0x0000000082d00000| Untracked 
|  22|0x0000000082e00000, 0x0000000082e00000, 0x0000000082f00000|  0%| F|  |TAMS 0x0000000082e00000| PB 0x0000000082e00000| Untracked 
|  23|0x0000000082f00000, 0x0000000082f00000, 0x0000000083000000|  0%| F|  |TAMS 0x0000000082f00000| PB 0x0000000082f00000| Untracked 
|  24|0x0000000083000000, 0x0000000083000000, 0x0000000083100000|  0%| F|  |TAMS 0x0000000083000000| PB 0x0000000083000000| Untracked 
|  25|0x0000000083100000, 0x0000000083100000, 0x0000000083200000|  0%| F|  |TAMS 0x0000000083100000| PB 0x0000000083100000| Untracked 
|  26|0x0000000083200000, 0x0000000083200000, 0x0000000083300000|  0%| F|  |TAMS 0x0000000083200000| PB 0x0000000083200000| Untracked 
|  27|0x0000000083300000, 0x0000000083300000, 0x0000000083400000|  0%| F|  |TAMS 0x0000000083300000| PB 0x0000000083300000| Untracked 
|  28|0x0000000083400000, 0x0000000083400000, 0x0000000083500000|  0%| F|  |TAMS 0x0000000083400000| PB 0x0000000083400000| Untracked 
|  29|0x0000000083500000, 0x0000000083500000, 0x0000000083600000|  0%| F|  |TAMS 0x0000000083500000| PB 0x0000000083500000| Untracked 
|  30|0x0000000083600000, 0x0000000083600000, 0x0000000083700000|  0%| F|  |TAMS 0x0000000083600000| PB 0x0000000083600000| Untracked 
|  31|0x0000000083700000, 0x0000000083700000, 0x0000000083800000|  0%| F|  |TAMS 0x0000000083700000| PB 0x0000000083700000| Untracked 
|  32|0x0000000083800000, 0x0000000083800000, 0x0000000083900000|  0%| F|  |TAMS 0x0000000083800000| PB 0x0000000083800000| Untracked 
|  33|0x0000000083900000, 0x0000000083900000, 0x0000000083a00000|  0%| F|  |TAMS 0x0000000083900000| PB 0x0000000083900000| Untracked 
|  34|0x0000000083a00000, 0x0000000083a00000, 0x0000000083b00000|  0%| F|  |TAMS 0x0000000083a00000| PB 0x0000000083a00000| Untracked 
|  35|0x0000000083b00000, 0x0000000083b00000, 0x0000000083c00000|  0%| F|  |TAMS 0x0000000083b00000| PB 0x0000000083b00000| Untracked 
|  36|0x0000000083c00000, 0x0000000083c00000, 0x0000000083d00000|  0%| F|  |TAMS 0x0000000083c00000| PB 0x0000000083c00000| Untracked 
|  37|0x0000000083d00000, 0x0000000083d00000, 0x0000000083e00000|  0%| F|  |TAMS 0x0000000083d00000| PB 0x0000000083d00000| Untracked 
|  38|0x0000000083e00000, 0x0000000083e00000, 0x0000000083f00000|  0%| F|  |TAMS 0x0000000083e00000| PB 0x0000000083e00000| Untracked 
|  39|0x0000000083f00000, 0x0000000083f00000, 0x0000000084000000|  0%| F|  |TAMS 0x0000000083f00000| PB 0x0000000083f00000| Untracked 
|  40|0x0000000084000000, 0x0000000084000000, 0x0000000084100000|  0%| F|  |TAMS 0x0000000084000000| PB 0x0000000084000000| Untracked 
|  41|0x0000000084100000, 0x0000000084100000, 0x0000000084200000|  0%| F|  |TAMS 0x0000000084100000| PB 0x0000000084100000| Untracked 
|  42|0x0000000084200000, 0x0000000084200000, 0x0000000084300000|  0%| F|  |TAMS 0x0000000084200000| PB 0x0000000084200000| Untracked 
|  43|0x0000000084300000, 0x0000000084300000, 0x0000000084400000|  0%| F|  |TAMS 0x0000000084300000| PB 0x0000000084300000| Untracked 
|  44|0x0000000084400000, 0x0000000084400000, 0x0000000084500000|  0%| F|  |TAMS 0x0000000084400000| PB 0x0000000084400000| Untracked 
|  45|0x0000000084500000, 0x0000000084500000, 0x0000000084600000|  0%| F|  |TAMS 0x0000000084500000| PB 0x0000000084500000| Untracked 
|  46|0x0000000084600000, 0x0000000084600000, 0x0000000084700000|  0%| F|  |TAMS 0x0000000084600000| PB 0x0000000084600000| Untracked 
|  47|0x0000000084700000, 0x0000000084700000, 0x0000000084800000|  0%| F|  |TAMS 0x0000000084700000| PB 0x0000000084700000| Untracked 
|  48|0x0000000084800000, 0x0000000084880000, 0x0000000084900000| 50%| E|  |TAMS 0x0000000084800000| PB 0x0000000084800000| Complete 
|  49|0x0000000084900000, 0x0000000084a00000, 0x0000000084a00000|100%| E|CS|TAMS 0x0000000084900000| PB 0x0000000084900000| Complete 
|  50|0x0000000084a00000, 0x0000000084b00000, 0x0000000084b00000|100%| E|CS|TAMS 0x0000000084a00000| PB 0x0000000084a00000| Complete 
|  51|0x0000000084b00000, 0x0000000084c00000, 0x0000000084c00000|100%| E|CS|TAMS 0x0000000084b00000| PB 0x0000000084b00000| Complete 
|  52|0x0000000084c00000, 0x0000000084d00000, 0x0000000084d00000|100%| E|CS|TAMS 0x0000000084c00000| PB 0x0000000084c00000| Complete 
|  53|0x0000000084d00000, 0x0000000084e00000, 0x0000000084e00000|100%| E|CS|TAMS 0x0000000084d00000| PB 0x0000000084d00000| Complete 
|  54|0x0000000084e00000, 0x0000000084f00000, 0x0000000084f00000|100%| E|CS|TAMS 0x0000000084e00000| PB 0x0000000084e00000| Complete 
|  55|0x0000000084f00000, 0x0000000085000000, 0x0000000085000000|100%| E|CS|TAMS 0x0000000084f00000| PB 0x0000000084f00000| Complete 
|  56|0x0000000085000000, 0x0000000085100000, 0x0000000085100000|100%| E|CS|TAMS 0x0000000085000000| PB 0x0000000085000000| Complete 
|  57|0x0000000085100000, 0x0000000085200000, 0x0000000085200000|100%| E|CS|TAMS 0x0000000085100000| PB 0x0000000085100000| Complete 
|  58|0x0000000085200000, 0x0000000085300000, 0x0000000085300000|100%| E|CS|TAMS 0x0000000085200000| PB 0x0000000085200000| Complete 
|  59|0x0000000085300000, 0x0000000085400000, 0x0000000085400000|100%| E|CS|TAMS 0x0000000085300000| PB 0x0000000085300000| Complete 
|  60|0x0000000085400000, 0x0000000085500000, 0x0000000085500000|100%| E|CS|TAMS 0x0000000085400000| PB 0x0000000085400000| Complete 
|  61|0x0000000085500000, 0x0000000085600000, 0x0000000085600000|100%| E|CS|TAMS 0x0000000085500000| PB 0x0000000085500000| Complete 
|  62|0x0000000085600000, 0x0000000085700000, 0x0000000085700000|100%| E|CS|TAMS 0x0000000085600000| PB 0x0000000085600000| Complete 
|  76|0x0000000086400000, 0x0000000086476240, 0x0000000086500000| 46%| S|CS|TAMS 0x0000000086400000| PB 0x0000000086400000| Complete 
|  77|0x0000000086500000, 0x0000000086600000, 0x0000000086600000|100%| S|CS|TAMS 0x0000000086500000| PB 0x0000000086500000| Complete 
|  78|0x0000000086600000, 0x0000000086700000, 0x0000000086700000|100%| S|CS|TAMS 0x0000000086600000| PB 0x0000000086600000| Complete 
|  79|0x0000000086700000, 0x0000000086800000, 0x0000000086800000|100%| S|CS|TAMS 0x0000000086700000| PB 0x0000000086700000| Complete 
|  80|0x0000000086800000, 0x0000000086900000, 0x0000000086900000|100%| S|CS|TAMS 0x0000000086800000| PB 0x0000000086800000| Complete 
|  81|0x0000000086900000, 0x0000000086a00000, 0x0000000086a00000|100%| S|CS|TAMS 0x0000000086900000| PB 0x0000000086900000| Complete 
|  82|0x0000000086a00000, 0x0000000086b00000, 0x0000000086b00000|100%| S|CS|TAMS 0x0000000086a00000| PB 0x0000000086a00000| Complete 
|  83|0x0000000086b00000, 0x0000000086c00000, 0x0000000086c00000|100%| S|CS|TAMS 0x0000000086b00000| PB 0x0000000086b00000| Complete 
|  84|0x0000000086c00000, 0x0000000086d00000, 0x0000000086d00000|100%| S|CS|TAMS 0x0000000086c00000| PB 0x0000000086c00000| Complete 
|  85|0x0000000086d00000, 0x0000000086e00000, 0x0000000086e00000|100%| S|CS|TAMS 0x0000000086d00000| PB 0x0000000086d00000| Complete 
| 127|0x0000000089700000, 0x0000000089800000, 0x0000000089800000|100%| E|CS|TAMS 0x0000000089700000| PB 0x0000000089700000| Complete 

Card table byte_map: [0x0000022437b80000,0x0000022437f80000] _byte_map_base: 0x0000022437774000

Marking Bits: (CMBitMap*) 0x0000022424b0afe0
 Bits: [0x0000022437f80000, 0x0000022439f20000)

Polling page: 0x00000224228e0000

Metaspace:

Usage:
  Non-class:     21.51 MB used.
      Class:      2.94 MB used.
       Both:     24.45 MB used.

Virtual space:
  Non-class space:       64.00 MB reserved,      21.75 MB ( 34%) committed,  1 nodes.
      Class space:        1.00 GB reserved,       3.19 MB ( <1%) committed,  1 nodes.
             Both:        1.06 GB reserved,      24.94 MB (  2%) committed. 

Chunk freelists:
   Non-Class:  10.20 MB
       Class:  12.66 MB
        Both:  22.86 MB

MaxMetaspaceSize: unlimited
CompressedClassSpaceSize: 1.00 GB
Initial GC threshold: 21.00 MB
Current GC threshold: 35.12 MB
CDS: on
 - commit_granule_bytes: 65536.
 - commit_granule_words: 8192.
 - virtual_space_node_default_size: 8388608.
 - enlarge_chunks_in_place: 1.
 - use_allocation_guard: 0.


Internal statistics:

num_allocs_failed_limit: 3.
num_arena_births: 586.
num_arena_deaths: 0.
num_vsnodes_births: 2.
num_vsnodes_deaths: 0.
num_space_committed: 399.
num_space_uncommitted: 0.
num_chunks_returned_to_freelist: 3.
num_chunks_taken_from_freelist: 1347.
num_chunk_merges: 3.
num_chunk_splits: 841.
num_chunks_enlarged: 508.
num_inconsistent_stats: 0.

CodeHeap 'non-profiled nmethods': size=120000Kb used=1464Kb max_used=1464Kb free=118535Kb
 bounds [0x000002242ff20000, 0x0000022430190000, 0x0000022437450000]
CodeHeap 'profiled nmethods': size=120000Kb used=5469Kb max_used=5469Kb free=114530Kb
 bounds [0x0000022428450000, 0x00000224289b0000, 0x000002242f980000]
CodeHeap 'non-nmethods': size=5760Kb used=1555Kb max_used=1616Kb free=4204Kb
 bounds [0x000002242f980000, 0x000002242fbf0000, 0x000002242ff20000]
CodeCache: size=245760Kb, used=8488Kb, max_used=8549Kb, free=237269Kb
 total_blobs=3546, nmethods=2925, adapters=525, full_count=0
Compilation: enabled, stopped_count=0, restarted_count=0

Compilation events (20 events):
Event: 4.547 Thread 0x000002243c986880 2919       3       com.sun.org.apache.xerces.internal.impl.XMLScanner::setFeature (32 bytes)
Event: 4.547 Thread 0x000002243c986880 nmethod 2919 0x00000224289a4010 code [0x00000224289a41e0, 0x00000224289a4428]
Event: 4.547 Thread 0x000002243c986880 2918       3       jdk.xml.internal.SecuritySupport$$Lambda/0x000002243e065388::<init> (10 bytes)
Event: 4.547 Thread 0x000002243c986880 nmethod 2918 0x00000224289a4510 code [0x00000224289a46c0, 0x00000224289a4878]
Event: 4.547 Thread 0x000002243c986880 2921   !   3       com.sun.org.apache.xerces.internal.utils.XMLSecurityManager::getSystemProperty (68 bytes)
Event: 4.548 Thread 0x000002243c986880 nmethod 2921 0x00000224289a4910 code [0x00000224289a4c00, 0x00000224289a5b40]
Event: 4.548 Thread 0x000002243c986880 2922       3       java.util.HashMap::afterNodeAccess (1 bytes)
Event: 4.548 Thread 0x000002243c986880 nmethod 2922 0x00000224289a6290 code [0x00000224289a6420, 0x00000224289a6528]
Event: 4.548 Thread 0x000002243c986880 2923       3       jdk.xml.internal.SecuritySupport::readConfig (6 bytes)
Event: 4.548 Thread 0x000002243c987620 nmethod 2908 0x000002243008ad90 code [0x000002243008afa0, 0x000002243008b7c0]
Event: 4.548 Thread 0x000002243c986880 nmethod 2923 0x00000224289a6590 code [0x00000224289a6740, 0x00000224289a6860]
Event: 4.549 Thread 0x000002243c987620 2920       4       java.util.ArrayList::indexOfRange (71 bytes)
Event: 4.549 Thread 0x000002243c986880 2924       3       com.sun.org.apache.xerces.internal.util.FeatureState::isExceptional (8 bytes)
Event: 4.549 Thread 0x000002243c986880 nmethod 2924 0x00000224289a6910 code [0x00000224289a6aa0, 0x00000224289a6bd8]
Event: 4.550 Thread 0x000002243c986880 2925       3       com.sun.org.apache.xerces.internal.util.PropertyState::isExceptional (8 bytes)
Event: 4.550 Thread 0x000002243c986880 nmethod 2925 0x00000224289a6c90 code [0x00000224289a6e20, 0x00000224289a6f58]
Event: 4.552 Thread 0x000002243c987620 nmethod 2920 0x000002243008be10 code [0x000002243008bfa0, 0x000002243008c110]
Event: 4.556 Thread 0x000002243c986880 2926       3       com.sun.org.apache.xerces.internal.util.XMLChar::isContent (35 bytes)
Event: 4.556 Thread 0x000002243c986880 nmethod 2926 0x00000224289a7010 code [0x00000224289a71c0, 0x00000224289a73c8]
Event: 4.556 Thread 0x000002243c986880 2928       3       com.sun.org.apache.xerces.internal.impl.XMLEntityScanner::checkBeforeLoad (140 bytes)

GC Heap History (6 events):
Event: 0.735 GC heap before
{Heap before GC invocations=0 (full 0):
 garbage-first heap   total 131072K, used 25600K [0x0000000081800000, 0x0000000100000000)
  region size 1024K, 23 young (23552K), 0 survivors (0K)
 Metaspace       used 6911K, committed 7168K, reserved 1114112K
  class space    used 788K, committed 896K, reserved 1048576K
}
Event: 0.741 GC heap after
{Heap after GC invocations=1 (full 0):
 garbage-first heap   total 131072K, used 11115K [0x0000000081800000, 0x0000000100000000)
  region size 1024K, 3 young (3072K), 3 survivors (3072K)
 Metaspace       used 6911K, committed 7168K, reserved 1114112K
  class space    used 788K, committed 896K, reserved 1048576K
}
Event: 1.238 GC heap before
{Heap before GC invocations=1 (full 0):
 garbage-first heap   total 131072K, used 36715K [0x0000000081800000, 0x0000000100000000)
  region size 1024K, 29 young (29696K), 3 survivors (3072K)
 Metaspace       used 12760K, committed 13184K, reserved 1114112K
  class space    used 1456K, committed 1664K, reserved 1048576K
}
Event: 1.244 GC heap after
{Heap after GC invocations=2 (full 0):
 garbage-first heap   total 131072K, used 16040K [0x0000000081800000, 0x0000000100000000)
  region size 1024K, 4 young (4096K), 4 survivors (4096K)
 Metaspace       used 12760K, committed 13184K, reserved 1114112K
  class space    used 1456K, committed 1664K, reserved 1048576K
}
Event: 3.793 GC heap before
{Heap before GC invocations=2 (full 0):
 garbage-first heap   total 131072K, used 52904K [0x0000000081800000, 0x0000000100000000)
  region size 1024K, 42 young (43008K), 4 survivors (4096K)
 Metaspace       used 21062K, committed 21504K, reserved 1114112K
  class space    used 2528K, committed 2752K, reserved 1048576K
}
Event: 3.808 GC heap after
{Heap after GC invocations=3 (full 0):
 garbage-first heap   total 131072K, used 21633K [0x0000000081800000, 0x0000000100000000)
  region size 1024K, 10 young (10240K), 10 survivors (10240K)
 Metaspace       used 21062K, committed 21504K, reserved 1114112K
  class space    used 2528K, committed 2752K, reserved 1048576K
}

Dll operation events (11 events):
Event: 0.007 Loaded shared library C:\Users\PC\.p2\pool\plugins\org.eclipse.justj.openjdk.hotspot.jre.full.win32.x86_64_21.0.8.v20250724-1412\jre\bin\java.dll
Event: 0.034 Loaded shared library C:\Users\PC\.p2\pool\plugins\org.eclipse.justj.openjdk.hotspot.jre.full.win32.x86_64_21.0.8.v20250724-1412\jre\bin\zip.dll
Event: 0.131 Loaded shared library C:\Users\PC\.p2\pool\plugins\org.eclipse.justj.openjdk.hotspot.jre.full.win32.x86_64_21.0.8.v20250724-1412\jre\bin\net.dll
Event: 0.133 Loaded shared library C:\Users\PC\.p2\pool\plugins\org.eclipse.justj.openjdk.hotspot.jre.full.win32.x86_64_21.0.8.v20250724-1412\jre\bin\nio.dll
Event: 0.138 Loaded shared library C:\Users\PC\.p2\pool\plugins\org.eclipse.justj.openjdk.hotspot.jre.full.win32.x86_64_21.0.8.v20250724-1412\jre\bin\zip.dll
Event: 0.281 Loaded shared library C:\Users\PC\.p2\pool\plugins\org.eclipse.justj.openjdk.hotspot.jre.full.win32.x86_64_21.0.8.v20250724-1412\jre\bin\jimage.dll
Event: 0.444 Loaded shared library C:\Users\PC\.p2\pool\plugins\org.eclipse.justj.openjdk.hotspot.jre.full.win32.x86_64_21.0.8.v20250724-1412\jre\bin\extnet.dll
Event: 0.931 Loaded shared library C:\Users\PC\.p2\pool\plugins\org.eclipse.justj.openjdk.hotspot.jre.full.win32.x86_64_21.0.8.v20250724-1412\jre\bin\verify.dll
Event: 1.159 Loaded shared library C:\Users\PC\.p2\pool\plugins\org.eclipse.justj.openjdk.hotspot.jre.full.win32.x86_64_21.0.8.v20250724-1412\jre\bin\sunmscapi.dll
Event: 1.587 Loaded shared library C:\Users\PC\.p2\pool\plugins\org.eclipse.justj.openjdk.hotspot.jre.full.win32.x86_64_21.0.8.v20250724-1412\jre\bin\management.dll
Event: 1.590 Loaded shared library C:\Users\PC\.p2\pool\plugins\org.eclipse.justj.openjdk.hotspot.jre.full.win32.x86_64_21.0.8.v20250724-1412\jre\bin\management_ext.dll

Deoptimization events (20 events):
Event: 1.860 Thread 0x000002242278fdb0 Uncommon trap: trap_request=0xffffff45 fr.pc=0x0000022430040c40 relative=0x00000000000000a0
Event: 1.860 Thread 0x000002242278fdb0 Uncommon trap: reason=unstable_if action=reinterpret pc=0x0000022430040c40 method=java.lang.CharacterDataLatin1.isWhitespace(I)Z @ 14 c2
Event: 1.860 Thread 0x000002242278fdb0 DEOPT PACKING pc=0x0000022430040c40 sp=0x000000dede3fda70
Event: 1.860 Thread 0x000002242278fdb0 DEOPT UNPACKING pc=0x000002242f9d46a2 sp=0x000000dede3fd9e0 mode 2
Event: 3.872 Thread 0x000002242278fdb0 Uncommon trap: trap_request=0xffffff45 fr.pc=0x000002242ff9ec08 relative=0x0000000000000a08
Event: 3.872 Thread 0x000002242278fdb0 Uncommon trap: reason=unstable_if action=reinterpret pc=0x000002242ff9ec08 method=java.lang.Integer.stringSize(I)I @ 19 c2
Event: 3.872 Thread 0x000002242278fdb0 DEOPT PACKING pc=0x000002242ff9ec08 sp=0x000000dede3fd540
Event: 3.872 Thread 0x000002242278fdb0 DEOPT UNPACKING pc=0x000002242f9d46a2 sp=0x000000dede3fd498 mode 2
Event: 3.961 Thread 0x000002242278fdb0 Uncommon trap: trap_request=0xffffffcc fr.pc=0x000002243004d024 relative=0x0000000000000364
Event: 3.961 Thread 0x000002242278fdb0 Uncommon trap: reason=intrinsic_or_type_checked_inlining action=make_not_entrant pc=0x000002243004d024 method=java.util.Arrays.copyOf([Ljava/lang/Object;ILjava/lang/Class;)[Ljava/lang/Object; @ 35 c2
Event: 3.961 Thread 0x000002242278fdb0 DEOPT PACKING pc=0x000002243004d024 sp=0x000000dede3fdc50
Event: 3.961 Thread 0x000002242278fdb0 DEOPT UNPACKING pc=0x000002242f9d46a2 sp=0x000000dede3fdbf8 mode 2
Event: 4.358 Thread 0x000002242278fdb0 Uncommon trap: trap_request=0xffffffde fr.pc=0x00000224300743fc relative=0x0000000000000efc
Event: 4.358 Thread 0x000002242278fdb0 Uncommon trap: reason=class_check action=maybe_recompile pc=0x00000224300743fc method=java.util.concurrent.ConcurrentHashMap.putVal(Ljava/lang/Object;Ljava/lang/Object;Z)Ljava/lang/Object; @ 242 c2
Event: 4.358 Thread 0x000002242278fdb0 DEOPT PACKING pc=0x00000224300743fc sp=0x000000dede3fe090
Event: 4.358 Thread 0x000002242278fdb0 DEOPT UNPACKING pc=0x000002242f9d46a2 sp=0x000000dede3fe020 mode 2
Event: 4.362 Thread 0x000002247e6ece00 Uncommon trap: trap_request=0xffffff45 fr.pc=0x000002242ffff0f4 relative=0x00000000000009b4
Event: 4.362 Thread 0x000002247e6ece00 Uncommon trap: reason=unstable_if action=reinterpret pc=0x000002242ffff0f4 method=java.io.BufferedReader.implReadLine(Z[Z)Ljava/lang/String; @ 14 c2
Event: 4.362 Thread 0x000002247e6ece00 DEOPT PACKING pc=0x000002242ffff0f4 sp=0x000000dedf8ff2e0
Event: 4.362 Thread 0x000002247e6ece00 DEOPT UNPACKING pc=0x000002242f9d46a2 sp=0x000000dedf8ff290 mode 2

Classes loaded (20 events):
Event: 4.554 Loading class com/sun/org/apache/xerces/internal/dom/ParentNode done
Event: 4.554 Loading class com/sun/org/apache/xerces/internal/dom/CoreDocumentImpl done
Event: 4.554 Loading class com/sun/org/apache/xerces/internal/dom/DocumentImpl done
Event: 4.554 Loading class com/sun/org/apache/xerces/internal/dom/DeferredDocumentImpl done
Event: 4.554 Loading class com/sun/org/apache/xerces/internal/dom/DocumentTypeImpl
Event: 4.555 Loading class org/w3c/dom/DocumentType
Event: 4.555 Loading class org/w3c/dom/DocumentType done
Event: 4.555 Loading class com/sun/org/apache/xerces/internal/dom/DocumentTypeImpl done
Event: 4.555 Loading class com/sun/org/apache/xerces/internal/dom/ElementImpl
Event: 4.555 Loading class org/w3c/dom/Element
Event: 4.555 Loading class org/w3c/dom/Element done
Event: 4.555 Loading class org/w3c/dom/ElementTraversal
Event: 4.555 Loading class org/w3c/dom/ElementTraversal done
Event: 4.555 Loading class org/w3c/dom/TypeInfo
Event: 4.555 Loading class org/w3c/dom/TypeInfo done
Event: 4.555 Loading class com/sun/org/apache/xerces/internal/dom/ElementImpl done
Event: 4.555 Loading class com/sun/org/apache/xerces/internal/dom/NodeListCache
Event: 4.555 Loading class com/sun/org/apache/xerces/internal/dom/NodeListCache done
Event: 4.556 Loading class com/sun/org/apache/xerces/internal/dom/DeferredDocumentImpl$RefCount
Event: 4.556 Loading class com/sun/org/apache/xerces/internal/dom/DeferredDocumentImpl$RefCount done

Classes unloaded (0 events):
No events

Classes redefined (0 events):
No events

Internal exceptions (20 events):
Event: 3.761 Thread 0x000002247f32ba40 Exception <a 'java/lang/NoSuchMethodError'{0x0000000086e172c0}: 'java.lang.Object java.lang.invoke.DirectMethodHandle$Holder.newInvokeSpecial(java.lang.Object, java.lang.Object, long, java.lang.Object, java.lang.Object, java.lang.Object)'> (0x0000000086e172c0) 
thrown [s\src\hotspot\share\interpreter\linkResolver.cpp, line 773]
Event: 3.769 Thread 0x000002247f32ba40 Exception <a 'java/lang/NoSuchMethodError'{0x0000000086e3ab20}: 'void java.lang.invoke.DirectMethodHandle$Holder.invokeSpecial(java.lang.Object, java.lang.Object, java.lang.Object, java.lang.Object, java.lang.Object, java.lang.Object, java.lang.Object)'> (0x0000000086e3ab20) 
thrown [s\src\hotspot\share\interpreter\linkResolver.cpp, line 773]
Event: 3.789 Thread 0x000002242278fdb0 Exception <a 'java/lang/NoSuchMethodError'{0x0000000086ec9ba8}: 'java.lang.Object java.lang.invoke.DirectMethodHandle$Holder.invokeSpecialIFC(java.lang.Object, java.lang.Object, java.lang.Object)'> (0x0000000086ec9ba8) 
thrown [s\src\hotspot\share\interpreter\linkResolver.cpp, line 773]
Event: 3.966 Thread 0x000002242278fdb0 Exception <a 'java/lang/ClassNotFoundException'{0x00000000853bd2d8}: sun/util/logging/resources/spi/loggingProvider> (0x00000000853bd2d8) 
thrown [s\src\hotspot\share\classfile\systemDictionary.cpp, line 312]
Event: 4.359 Thread 0x000002242278fdb0 Exception <a 'java/lang/NoSuchMethodError'{0x0000000085149328}: 'long java.lang.invoke.DelegatingMethodHandle$Holder.reinvoke_L(java.lang.Object, java.lang.Object)'> (0x0000000085149328) 
thrown [s\src\hotspot\share\interpreter\linkResolver.cpp, line 773]
Event: 4.360 Thread 0x000002242278fdb0 Exception <a 'java/lang/NoSuchMethodError'{0x0000000085153050}: 'void java.lang.invoke.DelegatingMethodHandle$Holder.reinvoke_L(java.lang.Object, java.lang.Object, long)'> (0x0000000085153050) 
thrown [s\src\hotspot\share\interpreter\linkResolver.cpp, line 773]
Event: 4.360 Thread 0x000002242278fdb0 Exception <a 'java/lang/NoSuchMethodError'{0x0000000085159860}: 'long java.lang.invoke.Invokers$Holder.invokeExact_MT(java.lang.Object, java.lang.Object, java.lang.Object)'> (0x0000000085159860) 
thrown [s\src\hotspot\share\interpreter\linkResolver.cpp, line 773]
Event: 4.424 Thread 0x000002242278fdb0 Exception <a 'java/lang/IncompatibleClassChangeError'{0x0000000084d03c00}: Found class java.lang.Object, but interface was expected> (0x0000000084d03c00) 
thrown [s\src\hotspot\share\interpreter\linkResolver.cpp, line 840]
Event: 4.472 Thread 0x000002242278fdb0 Exception <a 'java/lang/NoSuchMethodError'{0x0000000084b0b528}: 'void java.lang.invoke.DirectMethodHandle$Holder.invokeStaticInit(java.lang.Object)'> (0x0000000084b0b528) 
thrown [s\src\hotspot\share\interpreter\linkResolver.cpp, line 773]
Event: 4.484 Thread 0x000002242278fdb0 Exception <a 'java/lang/NoSuchMethodError'{0x0000000084b96938}: 'int java.lang.invoke.DirectMethodHandle$Holder.invokeSpecial(java.lang.Object, java.lang.Object, int)'> (0x0000000084b96938) 
thrown [s\src\hotspot\share\interpreter\linkResolver.cpp, line 773]
Event: 4.493 Thread 0x000002242278fdb0 Exception <a 'java/lang/NoSuchMethodError'{0x0000000084bff120}: 'void java.lang.invoke.DirectMethodHandle$Holder.invokeStaticInit(java.lang.Object, java.lang.Object, java.lang.Object)'> (0x0000000084bff120) 
thrown [s\src\hotspot\share\interpreter\linkResolver.cpp, line 773]
Event: 4.494 Thread 0x000002242278fdb0 Exception <a 'java/lang/NoSuchMethodError'{0x0000000084a0b630}: 'java.lang.Object java.lang.invoke.DirectMethodHandle$Holder.invokeStaticInit(java.lang.Object, java.lang.Object, java.lang.Object)'> (0x0000000084a0b630) 
thrown [s\src\hotspot\share\interpreter\linkResolver.cpp, line 773]
Event: 4.496 Thread 0x000002242278fdb0 Exception <a 'java/lang/NoSuchMethodError'{0x0000000084a25298}: 'void java.lang.invoke.DirectMethodHandle$Holder.invokeStaticInit(java.lang.Object, java.lang.Object, java.lang.Object, java.lang.Object)'> (0x0000000084a25298) 
thrown [s\src\hotspot\share\interpreter\linkResolver.cpp, line 773]
Event: 4.497 Thread 0x000002242278fdb0 Exception <a 'java/lang/NoSuchMethodError'{0x0000000084a36818}: 'void java.lang.invoke.DirectMethodHandle$Holder.invokeStaticInit(java.lang.Object, java.lang.Object)'> (0x0000000084a36818) 
thrown [s\src\hotspot\share\interpreter\linkResolver.cpp, line 773]
Event: 4.498 Thread 0x000002242278fdb0 Exception <a 'java/lang/NoSuchMethodError'{0x0000000084a3f008}: 'void java.lang.invoke.DirectMethodHandle$Holder.invokeStatic(java.lang.Object, int)'> (0x0000000084a3f008) 
thrown [s\src\hotspot\share\interpreter\linkResolver.cpp, line 773]
Event: 4.498 Thread 0x000002242278fdb0 Exception <a 'java/lang/NoSuchMethodError'{0x0000000084a42480}: 'void java.lang.invoke.DirectMethodHandle$Holder.invokeStaticInit(java.lang.Object, int)'> (0x0000000084a42480) 
thrown [s\src\hotspot\share\interpreter\linkResolver.cpp, line 773]
Event: 4.539 Thread 0x000002242278fdb0 Exception <a 'java/lang/NoSuchMethodError'{0x00000000849f0108}: 'void java.lang.invoke.DirectMethodHandle$Holder.invokeVirtual(java.lang.Object, java.lang.Object, java.lang.Object, int)'> (0x00000000849f0108) 
thrown [s\src\hotspot\share\interpreter\linkResolver.cpp, line 773]
Event: 4.539 Thread 0x000002242278fdb0 Exception <a 'java/lang/NoSuchMethodError'{0x00000000849f76b8}: 'void java.lang.invoke.DirectMethodHandle$Holder.invokeVirtual(java.lang.Object, java.lang.Object, java.lang.Object, java.lang.Object)'> (0x00000000849f76b8) 
thrown [s\src\hotspot\share\interpreter\linkResolver.cpp, line 773]
Event: 4.545 Thread 0x000002242278fdb0 Exception <a 'java/lang/NoSuchMethodError'{0x0000000084826a50}: 'void java.lang.invoke.DirectMethodHandle$Holder.invokeStatic(java.lang.Object, java.lang.Object, java.lang.Object, int)'> (0x0000000084826a50) 
thrown [s\src\hotspot\share\interpreter\linkResolver.cpp, line 773]
Event: 4.545 Thread 0x000002242278fdb0 Exception <a 'java/lang/NoSuchMethodError'{0x0000000084829f30}: 'void java.lang.invoke.DirectMethodHandle$Holder.invokeStaticInit(java.lang.Object, java.lang.Object, java.lang.Object, int)'> (0x0000000084829f30) 
thrown [s\src\hotspot\share\interpreter\linkResolver.cpp, line 773]

ZGC Phase Switch (0 events):
No events

VM Operations (20 events):
Event: 1.379 Executing VM operation: HandshakeAllThreads (Deoptimize)
Event: 1.379 Executing VM operation: HandshakeAllThreads (Deoptimize) done
Event: 1.379 Executing VM operation: HandshakeAllThreads (Deoptimize)
Event: 1.379 Executing VM operation: HandshakeAllThreads (Deoptimize) done
Event: 1.647 Executing VM operation: ICBufferFull
Event: 1.647 Executing VM operation: ICBufferFull done
Event: 1.802 Executing VM operation: HandshakeAllThreads (Deoptimize)
Event: 1.802 Executing VM operation: HandshakeAllThreads (Deoptimize) done
Event: 2.805 Executing VM operation: Cleanup
Event: 2.806 Executing VM operation: Cleanup done
Event: 3.750 Executing VM operation: HandshakeAllThreads (Deoptimize)
Event: 3.750 Executing VM operation: HandshakeAllThreads (Deoptimize) done
Event: 3.753 Executing VM operation: HandshakeAllThreads (Deoptimize)
Event: 3.753 Executing VM operation: HandshakeAllThreads (Deoptimize) done
Event: 3.793 Executing VM operation: CollectForMetadataAllocation (Metadata GC Threshold)
Event: 3.808 Executing VM operation: CollectForMetadataAllocation (Metadata GC Threshold) done
Event: 3.823 Executing VM operation: G1PauseRemark
Event: 3.826 Executing VM operation: G1PauseRemark done
Event: 3.829 Executing VM operation: G1PauseCleanup
Event: 3.831 Executing VM operation: G1PauseCleanup done

Memory protections (0 events):
No events

Nmethod flushes (0 events):
No events

Events (20 events):
Event: 1.610 Thread 0x000002242278fdb0 Thread added: 0x000002247f12dcd0
Event: 1.696 Thread 0x000002242278fdb0 Thread added: 0x000002247f1fe020
Event: 1.729 Thread 0x000002242278fdb0 Thread added: 0x000002247ed4a340
Event: 1.730 Thread 0x000002242278fdb0 Thread added: 0x000002247f123050
Event: 1.731 Thread 0x000002242278fdb0 Thread added: 0x000002247f12ea30
Event: 1.734 Thread 0x000002247f123050 Thread added: 0x000002247f378490
Event: 1.802 Thread 0x000002247f378490 Thread added: 0x000002247f378af0
Event: 1.875 Thread 0x000002242278fdb0 Thread added: 0x000002247f32c760
Event: 1.880 Thread 0x000002242278fdb0 Thread added: 0x000002247f32cdf0
Event: 1.960 Thread 0x000002247f1fe020 Thread added: 0x000002247f32ba40
Event: 1.962 Thread 0x000002247f1fe020 Thread added: 0x000002247f32c0d0
Event: 1.963 Thread 0x000002247f1fe020 Thread added: 0x0000022405386180
Event: 3.749 Thread 0x000002243c987620 Thread exited: 0x000002243c987620
Event: 3.754 Thread 0x000002243c9861b0 Thread exited: 0x000002243c9861b0
Event: 3.874 Thread 0x000002242278fdb0 Thread added: 0x0000022405383a20
Event: 3.874 Thread 0x000002242278fdb0 Thread added: 0x0000022405386ea0
Event: 3.877 Thread 0x0000022405383a20 Thread added: 0x00000224053840b0
Event: 3.878 Thread 0x0000022405383a20 Thread added: 0x0000022405387530
Event: 3.878 Thread 0x0000022405383a20 Thread added: 0x0000022405384740
Event: 4.442 Thread 0x000002243c973bd0 Thread added: 0x000002243c987620


Dynamic libraries:
0x00007ff7ad3d0000 - 0x00007ff7ad3de000 	C:\Users\PC\.p2\pool\plugins\org.eclipse.justj.openjdk.hotspot.jre.full.win32.x86_64_21.0.8.v20250724-1412\jre\bin\javaw.exe
0x00007ffd9a8b0000 - 0x00007ffd9aaa8000 	C:\WINDOWS\SYSTEM32\ntdll.dll
0x00007ffd988e0000 - 0x00007ffd989a2000 	C:\WINDOWS\System32\KERNEL32.DLL
0x00007ffd98010000 - 0x00007ffd98306000 	C:\WINDOWS\System32\KERNELBASE.dll
0x00007ffd98590000 - 0x00007ffd98690000 	C:\WINDOWS\System32\ucrtbase.dll
0x00007ffd94250000 - 0x00007ffd94268000 	C:\Users\PC\.p2\pool\plugins\org.eclipse.justj.openjdk.hotspot.jre.full.win32.x86_64_21.0.8.v20250724-1412\jre\bin\jli.dll
0x00007ffd90f40000 - 0x00007ffd90f5e000 	C:\Users\PC\.p2\pool\plugins\org.eclipse.justj.openjdk.hotspot.jre.full.win32.x86_64_21.0.8.v20250724-1412\jre\bin\VCRUNTIME140.dll
0x00007ffd99790000 - 0x00007ffd9992d000 	C:\WINDOWS\System32\USER32.dll
0x00007ffd98560000 - 0x00007ffd98582000 	C:\WINDOWS\System32\win32u.dll
0x00007ffd86700000 - 0x00007ffd8699b000 	C:\WINDOWS\WinSxS\amd64_microsoft.windows.common-controls_6595b64144ccf1df_6.0.19041.6280_none_60bc30a171f2f3f3\COMCTL32.dll
0x00007ffd9a840000 - 0x00007ffd9a86b000 	C:\WINDOWS\System32\GDI32.dll
0x00007ffd98b60000 - 0x00007ffd98bfe000 	C:\WINDOWS\System32\msvcrt.dll
0x00007ffd98690000 - 0x00007ffd987a9000 	C:\WINDOWS\System32\gdi32full.dll
0x00007ffd98360000 - 0x00007ffd983fd000 	C:\WINDOWS\System32\msvcp_win.dll
0x00007ffd9a2b0000 - 0x00007ffd9a2df000 	C:\WINDOWS\System32\IMM32.DLL
0x00007ffd94240000 - 0x00007ffd9424c000 	C:\Users\PC\.p2\pool\plugins\org.eclipse.justj.openjdk.hotspot.jre.full.win32.x86_64_21.0.8.v20250724-1412\jre\bin\vcruntime140_1.dll
0x00007ffd6ce30000 - 0x00007ffd6cebd000 	C:\Users\PC\.p2\pool\plugins\org.eclipse.justj.openjdk.hotspot.jre.full.win32.x86_64_21.0.8.v20250724-1412\jre\bin\msvcp140.dll
0x00007ffd63e50000 - 0x00007ffd64be7000 	C:\Users\PC\.p2\pool\plugins\org.eclipse.justj.openjdk.hotspot.jre.full.win32.x86_64_21.0.8.v20250724-1412\jre\bin\server\jvm.dll
0x00007ffd9a640000 - 0x00007ffd9a6f1000 	C:\WINDOWS\System32\ADVAPI32.dll
0x00007ffd9a1a0000 - 0x00007ffd9a23f000 	C:\WINDOWS\System32\sechost.dll
0x00007ffd999b0000 - 0x00007ffd99ad0000 	C:\WINDOWS\System32\RPCRT4.dll
0x00007ffd97fe0000 - 0x00007ffd98007000 	C:\WINDOWS\System32\bcrypt.dll
0x00007ffd9a240000 - 0x00007ffd9a2ab000 	C:\WINDOWS\System32\WS2_32.dll
0x00007ffd974a0000 - 0x00007ffd974eb000 	C:\WINDOWS\SYSTEM32\POWRPROF.dll
0x00007ffd85540000 - 0x00007ffd85567000 	C:\WINDOWS\SYSTEM32\WINMM.dll
0x00007ffd8f660000 - 0x00007ffd8f66a000 	C:\WINDOWS\SYSTEM32\VERSION.dll
0x00007ffd97310000 - 0x00007ffd97322000 	C:\WINDOWS\SYSTEM32\UMPDC.dll
0x00007ffd96730000 - 0x00007ffd96742000 	C:\WINDOWS\SYSTEM32\kernel.appcore.dll
0x00007ffd910d0000 - 0x00007ffd910da000 	C:\Users\PC\.p2\pool\plugins\org.eclipse.justj.openjdk.hotspot.jre.full.win32.x86_64_21.0.8.v20250724-1412\jre\bin\jimage.dll
0x00007ffd96420000 - 0x00007ffd96621000 	C:\WINDOWS\SYSTEM32\DBGHELP.DLL
0x00007ffd86da0000 - 0x00007ffd86dd4000 	C:\WINDOWS\SYSTEM32\dbgcore.DLL
0x00007ffd97f50000 - 0x00007ffd97fd2000 	C:\WINDOWS\System32\bcryptPrimitives.dll
0x00007ffd85dc0000 - 0x00007ffd85ddf000 	C:\Users\PC\.p2\pool\plugins\org.eclipse.justj.openjdk.hotspot.jre.full.win32.x86_64_21.0.8.v20250724-1412\jre\bin\java.dll
0x00007ffd98c80000 - 0x00007ffd993f0000 	C:\WINDOWS\System32\SHELL32.dll
0x00007ffd95ba0000 - 0x00007ffd96345000 	C:\WINDOWS\SYSTEM32\windows.storage.dll
0x00007ffd9a2e0000 - 0x00007ffd9a633000 	C:\WINDOWS\System32\combase.dll
0x00007ffd978a0000 - 0x00007ffd978cb000 	C:\WINDOWS\SYSTEM32\Wldp.dll
0x00007ffd996b0000 - 0x00007ffd9977d000 	C:\WINDOWS\System32\OLEAUT32.dll
0x00007ffd99480000 - 0x00007ffd9952d000 	C:\WINDOWS\System32\SHCORE.dll
0x00007ffd99940000 - 0x00007ffd9999b000 	C:\WINDOWS\System32\shlwapi.dll
0x00007ffd97e80000 - 0x00007ffd97ea4000 	C:\WINDOWS\SYSTEM32\profapi.dll
0x00007ffd85da0000 - 0x00007ffd85db8000 	C:\Users\PC\.p2\pool\plugins\org.eclipse.justj.openjdk.hotspot.jre.full.win32.x86_64_21.0.8.v20250724-1412\jre\bin\zip.dll
0x00007ffd8cc80000 - 0x00007ffd8cc90000 	C:\Users\PC\.p2\pool\plugins\org.eclipse.justj.openjdk.hotspot.jre.full.win32.x86_64_21.0.8.v20250724-1412\jre\bin\net.dll
0x00007ffd8f670000 - 0x00007ffd8f77a000 	C:\WINDOWS\SYSTEM32\WINHTTP.dll
0x00007ffd97680000 - 0x00007ffd976ea000 	C:\WINDOWS\system32\mswsock.dll
0x00007ffd6d9b0000 - 0x00007ffd6d9c6000 	C:\Users\PC\.p2\pool\plugins\org.eclipse.justj.openjdk.hotspot.jre.full.win32.x86_64_21.0.8.v20250724-1412\jre\bin\nio.dll
0x00007ffd97380000 - 0x00007ffd9744a000 	C:\WINDOWS\SYSTEM32\DNSAPI.dll
0x00007ffd97330000 - 0x00007ffd9736b000 	C:\WINDOWS\SYSTEM32\IPHLPAPI.DLL
0x00007ffd999a0000 - 0x00007ffd999a8000 	C:\WINDOWS\System32\NSI.dll
0x00007ffd84c20000 - 0x00007ffd84c2a000 	C:\Windows\System32\rasadhlp.dll
0x00007ffd85280000 - 0x00007ffd85300000 	C:\WINDOWS\System32\fwpuclnt.dll
0x00007ffd90f30000 - 0x00007ffd90f39000 	C:\Users\PC\.p2\pool\plugins\org.eclipse.justj.openjdk.hotspot.jre.full.win32.x86_64_21.0.8.v20250724-1412\jre\bin\extnet.dll
0x00007ffd978e0000 - 0x00007ffd978f8000 	C:\WINDOWS\SYSTEM32\CRYPTSP.dll
0x00007ffd96f50000 - 0x00007ffd96f88000 	C:\WINDOWS\system32\rsaenh.dll
0x00007ffd97e40000 - 0x00007ffd97e6e000 	C:\WINDOWS\SYSTEM32\USERENV.dll
0x00007ffd97810000 - 0x00007ffd9781c000 	C:\WINDOWS\SYSTEM32\CRYPTBASE.dll
0x00007ffd943d0000 - 0x00007ffd943e0000 	C:\Users\PC\.p2\pool\plugins\org.eclipse.justj.openjdk.hotspot.jre.full.win32.x86_64_21.0.8.v20250724-1412\jre\bin\verify.dll
0x00007ffd943c0000 - 0x00007ffd943ce000 	C:\Users\PC\.p2\pool\plugins\org.eclipse.justj.openjdk.hotspot.jre.full.win32.x86_64_21.0.8.v20250724-1412\jre\bin\sunmscapi.dll
0x00007ffd98400000 - 0x00007ffd9855d000 	C:\WINDOWS\System32\CRYPT32.dll
0x00007ffd979f0000 - 0x00007ffd97a17000 	C:\WINDOWS\SYSTEM32\ncrypt.dll
0x00007ffd979b0000 - 0x00007ffd979eb000 	C:\WINDOWS\SYSTEM32\NTASN1.dll
0x00007ffd941d0000 - 0x00007ffd941da000 	C:\Users\PC\.p2\pool\plugins\org.eclipse.justj.openjdk.hotspot.jre.full.win32.x86_64_21.0.8.v20250724-1412\jre\bin\management.dll
0x00007ffd94170000 - 0x00007ffd9417b000 	C:\Users\PC\.p2\pool\plugins\org.eclipse.justj.openjdk.hotspot.jre.full.win32.x86_64_21.0.8.v20250724-1412\jre\bin\management_ext.dll
0x00007ffd99930000 - 0x00007ffd99938000 	C:\WINDOWS\System32\PSAPI.DLL
0x00007ffd326b0000 - 0x00007ffd326b7000 	C:\WINDOWS\system32\wshunix.dll

JVMTI agents: none

dbghelp: loaded successfully - version: 4.0.5 - missing functions: none
symbol engine: initialized successfully - sym options: 0x614 - pdb path: .;C:\Users\PC\.p2\pool\plugins\org.eclipse.justj.openjdk.hotspot.jre.full.win32.x86_64_21.0.8.v20250724-1412\jre\bin;C:\WINDOWS\SYSTEM32;C:\WINDOWS\WinSxS\amd64_microsoft.windows.common-controls_6595b64144ccf1df_6.0.19041.6280_none_60bc30a171f2f3f3;C:\Users\PC\.p2\pool\plugins\org.eclipse.justj.openjdk.hotspot.jre.full.win32.x86_64_21.0.8.v20250724-1412\jre\bin\server

VM Arguments:
jvm_args: -ea -Dfile.encoding=UTF-8 -Dstdout.encoding=UTF-8 -Dstderr.encoding=UTF-8 -XX:+ShowCodeDetailsInExceptionMessages --add-opens=jdk.compiler/com.sun.tools.javac.processing=ALL-UNNAMED --add-opens=jdk.compiler/com.sun.tools.javac.api=ALL-UNNAMED 
java_command: org.testng.remote.RemoteTestNG -serport 50153 -protocol json -d C:\Users\PC\git\repository3\saucedemo\test-output C:\Users\PC\git\repository3\saucedemo\testng.xml
java_class_path (initial): C:\Users\PC\eclipse\java-2025-06\eclipse\configuration\org.eclipse.osgi\561\0\.cp\lib\testng-remote.jar;C:\Users\PC\git\repository3\saucedemo\target\test-classes;C:\Users\PC\git\repository3\saucedemo\target\classes;C:\Users\PC\.m2\repository\io\github\bonigarcia\webdrivermanager\6.1.0\webdrivermanager-6.1.0.jar;C:\Users\PC\.m2\repository\com\google\code\gson\gson\2.13.0\gson-2.13.0.jar;C:\Users\PC\.m2\repository\com\google\errorprone\error_prone_annotations\2.37.0\error_prone_annotations-2.37.0.jar;C:\Users\PC\.m2\repository\com\github\docker-java\docker-java\3.5.0\docker-java-3.5.0.jar;C:\Users\PC\.m2\repository\com\github\docker-java\docker-java-core\3.5.0\docker-java-core-3.5.0.jar;C:\Users\PC\.m2\repository\com\github\docker-java\docker-java-api\3.5.0\docker-java-api-3.5.0.jar;C:\Users\PC\.m2\repository\com\fasterxml\jackson\core\jackson-annotations\2.18.3\jackson-annotations-2.18.3.jar;C:\Users\PC\.m2\repository\com\fasterxml\jackson\core\jackson-databind\2.18.3\jackson-databind-2.18.3.jar;C:\Users\PC\.m2\repository\com\fasterxml\jackson\core\jackson-core\2.18.3\jackson-core-2.18.3.jar;C:\Users\PC\.m2\repository\org\slf4j\jcl-over-slf4j\1.7.30\jcl-over-slf4j-1.7.30.jar;C:\Users\PC\.m2\repository\com\github\docker-java\docker-java-transport-httpclient5\3.5.0\docker-java-transport-httpclient5-3.5.0.jar;C:\Users\PC\.m2\repository\com\github\docker-java\docker-java-transport\3.5.0\docker-java-transport-3.5.0.jar;C:\Users\PC\.m2\repository\net\java\dev\jna\jna\5.17.0\jna-5.17.0.jar;C:\Users\PC\.m2\repository\org\brotli\dec\0.1.2\dec-0.1.2.jar;C:\Users\PC\.m2\repository\org\apache\commons\commons-lang3\3.17.0\commons-lang3-3.17.0.jar;C:\Users\PC\.m2\repository\org\apache\commons\commons-compress\1.27.1\commons-compress-1.27.1.jar;C:\Users\PC\.m2\repository\org\apache\httpcomponents\client5\httpclient5\5.4.3\httpclient5-5.4.3.jar;C:\Users\PC\.m2\repository\org\apache\httpcomponents\core5\httpcore5\5.3.4\httpcore5-5.3.4.jar;C:\Users\PC\.m2\repository\org\apache\httpcomponents\core5\httpcore5-h2\5.3.4\httpcore5-h2-5.3.4.jar;C:\Users\PC\.m2\repository\net\java\dev\jna\jna-platform\5.13.0\jna-platform-5.13.0.jar;C:\Users\PC\.m2\repository\org\seleniumhq\selenium\selenium-java\4.34.0\selenium-java-4.34.0.jar;C:\Users\PC\.m2\repository\org\seleniumhq\selenium\selenium-api\4.34.0\selenium-api-4.34.0.jar;C:\Users\PC\.m2\repository\org\jspecify\jspecify\1.0.0\jspecify-1.0.0.jar;C:\Users\PC\.m2\repository\org\seleniumhq\selenium\selenium-chrome-driver\4.34.0\selenium-chrome-driver-4.34.0.jar;C:\Users\PC\.m2\repository\com\google\auto\service\auto-service-annotations\1.1.1\auto-service-annotations-1.1.1.jar;C:\Users\PC\.m2\repository\org\seleniumhq\selenium\selenium-chromium-driver\4.34.0\selenium-chromium-driver-4.34.0.jar;C:\Users\PC\.m2\repository\org\seleniumhq\selenium\selenium-json\4.34.0\selenium-json-4.34.0.jar;C:\Users\PC\.m2\repository\org\seleniumhq\selenium\selenium-manager\4.34.0\selenium-manager-4.34.0.jar;C:\Users\PC\.m2\repository\org\seleniumhq\selenium\selenium-devtools-v136\4.34.0\selenium-devtools-v136-4.34.0.jar;C:\Users\PC\.m2\repository\org\seleniumhq\selenium\selenium-devtools-v137\4.34.0\selenium-devtools-v137-4.34.0.jar;C:\Users\PC\.m2\repository\org\seleniumhq\selenium\selenium-devtools-v138\4.34.0\selenium-devtools-v138-4.34.0.jar;C:\Users\PC\.m2\repository\org\seleniumhq\selenium\selenium-edge-driver\4.34.0\selenium-edge-driver-4.34.0.jar;C:\Users\PC\.m2\repository\org\seleniumhq\selenium\selenium-firefox-driver\4.34.0\selenium-firefox-driver-4.34.0.jar;C:\Users\PC\.m2\repository\org\seleniumhq\selenium\selenium-http\4.34.0\selenium-http-4.34.0.jar;C:\Users\PC\.m2\repository\org\seleniumhq\selenium\selenium-ie-driver\4.34.0\selenium-ie-driver-4.34.0.jar;C:\Users\PC\.m2\repository\org\seleniumhq\selenium\selenium-remote-driver\4.34.0\selenium-remote-driver-4.34.0.jar;C:\Users\PC\.m2\repository\com\google\guava\guava\33.4.8-jre\guava-33.4.8-jre.jar;C:\Users\PC\.m2\repository\com\google\guava\failureaccess\1.0.3\failureaccess-1.0.3.jar;C:\Users\PC\.m2\repository\com\google\guava\listenablefuture\9999.0-empty-to-avoid-conflict-with-guava\listenablefuture-9999.0-empty-to-avoid-conflict-with-guava.jar;C:\Users\PC\.m2\repository\com\google\j2objc\j2objc-annotations\3.0.0\j2objc-annotations-3.0.0.jar;C:\Users\PC\.m2\repository\io\opentelemetry\opentelemetry-api\1.51.0\opentelemetry-api-1.51.0.jar;C:\Users\PC\.m2\repository\io\opentelemetry\opentelemetry-context\1.51.0\opentelemetry-context-1.51.0.jar;C:\Users\PC\.m2\repository\io\opentelemetry\opentelemetry-exporter-logging\1.51.0\opentelemetry-exporter-logging-1.51.0.jar;C:\Users\PC\.m2\repository\io\opentelemetry\opentelemetry-sdk-common\1.51.0\opentelemetry-sdk-common-1.51.0.jar;C:\Users\PC\.m2\repository\io\opentelemetry\opentelemetry-sdk-extension-autoconfigure-spi\1.51.0\opentelemetry-sdk-extension-autoconfigure-spi-1.51.0.jar;C:\Users\PC\.m2\repository\io\opentelemetry\opentelemetry-sdk-extension-autoconfigure\1.51.0\opentelemetry-sdk-extension-autoconfigure-1.51.0.jar;C:\Users\PC\.m2\repository\io\opentelemetry\opentelemetry-sdk-trace\1.51.0\opentelemetry-sdk-trace-1.51.0.jar;C:\Users\PC\.m2\repository\io\opentelemetry\opentelemetry-sdk\1.51.0\opentelemetry-sdk-1.51.0.jar;C:\Users\PC\.m2\repository\io\opentelemetry\opentelemetry-sdk-metrics\1.51.0\opentelemetry-sdk-metrics-1.51.0.jar;C:\Users\PC\.m2\repository\io\opentelemetry\opentelemetry-sdk-logs\1.51.0\opentelemetry-sdk-logs-1.51.0.jar;C:\Users\PC\.m2\repository\net\bytebuddy\byte-buddy\1.17.6\byte-buddy-1.17.6.jar;C:\Users\PC\.m2\repository\org\seleniumhq\selenium\selenium-os\4.34.0\selenium-os-4.34.0.jar;C:\Users\PC\.m2\repository\org\apache\commons\commons-exec\1.5.0\commons-exec-1.5.0.jar;C:\Users\PC\.m2\repository\org\seleniumhq\selenium\selenium-safari-driver\4.34.0\selenium-safari-driver-4.34.0.jar;C:\Users\PC\.m2\repository\org\seleniumhq\selenium\selenium-support\4.34.0\selenium-support-4.34.0.jar;C:\Users\PC\.m2\repository\commons-io\commons-io\2.20.0\commons-io-2.20.0.jar;C:\Users\PC\.m2\repository\org\projectlombok\lombok\1.18.24\lombok-1.18.24.jar;C:\Users\PC\.m2\repository\org\testng\testng\7.10.2\testng-7.10.2.jar;C:\Users\PC\.m2\repository\com\beust\jcommander\1.82\jcommander-1.82.jar;C:\Users\PC\.m2\repository\org\webjars\jquery\3.7.1\jquery-3.7.1.jar;C:\Users\PC\.m2\repository\junit\junit\4.13.2\junit-4.13.2.jar;C:\Users\PC\.m2\repository\org\hamcrest\hamcrest-core\1.3\hamcrest-core-1.3.jar;C:\Users\PC\.m2\repository\org\apache\poi\poi\5.2.5\poi-5.2.5.jar;C:\Users\PC\.m2\repository\commons-codec\commons-codec\1.16.0\commons-codec-1.16.0.jar;C:\Users\PC\.m2\repository\org\apache\commons\commons-collections4\4.4\commons-collections4-4.4.jar;C:\Users\PC\.m2\repository\org\apache\commons\commons-math3\3.6.1\commons-math3-3.6.1.jar;C:\Users\PC\.m2\repository\com\zaxxer\SparseBitSet\1.3\SparseBitSet-1.3.jar;C:\Users\PC\.m2\repository\org\apache\logging\log4j\log4j-api\2.21.1\log4j-api-2.21.1.jar;C:\Users\PC\.m2\repository\org\apache\poi\poi-ooxml\5.2.5\poi-ooxml-5.2.5.jar;C:\Users\PC\.m2\repository\org\apache\poi\poi-ooxml-lite\5.2.5\poi-ooxml-lite-5.2.5.jar;C:\Users\PC\.m2\repository\org\apache\xmlbeans\xmlbeans\5.2.0\xmlbeans-5.2.0.jar;C:\Users\PC\.m2\repository\com\github\virtuald\curvesapi\1.08\curvesapi-1.08.jar;C:\Users\PC\.m2\repository\log4j\log4j\1.2.17\log4j-1.2.17.jar;C:\Users\PC\.m2\repository\org\slf4j\slf4j-api\2.0.17\slf4j-api-2.0.17.jar;C:\Users\PC\.m2\repository\com\aventstack\extentreports\5.0.9\extentreports-5.0.9.jar;C:\Users\PC\.m2\repository\io\reactivex\rxjava3\rxjava\3.0.4\rxjava-3.0.4.jar;C:\Users\PC\.m2\repository\org\reactivestreams\reactive-streams\1.0.3\reactive-streams-1.0.3.jar;C:\Users\PC\.m2\repository\org\freemarker\freemarker\2.3.30\freemarker-2.3.30.jar;C:\Users\PC\.m2\repository\org\apache\poi\poi-ooxml-full\5.2.5\poi-ooxml-full-5.2.5.jar;C:\Users\PC\eclipse-workspace\Selenium_training\target\classes;C:\Users\PC\.m2\repository\io\cucumber\cucumber-java\7.27.2\cucumber-java-7.27.2.jar;C:\Users\PC\.m2\repository\org\apiguardian\apiguardian-api\1.1.2\apiguardian-api-1.1.2.jar;C:\Users\PC\.m2\repository\io\cucumber\cucumber-testng\7.27.2\cucumber-testng-7.27.2.jar;C:\Users\PC\.m2\repository\io\cucumber\cucumber-picocontainer\7.27.2\cucumber-picocontainer-7.27.2.jar;C:\Users\PC\.m2\repository\org\picocontainer\picocontainer\2.15.2\picocontainer-2.15.2.jar;C:\Users\PC\.m2\repository\tech\grasshopper\extentreports-cucumber7-adapter\1.14.0\extentreports-cucumber7-adapter-1.14.0.jar;C:\Users\PC\.m2\repository\tech\grasshopper\extent-pdf-report\2.12.0\extent-pdf-report-2.12.0.jar;C:\Users\PC\.m2\repository\tech\grasshopper\cucumber-pdf-report\2.14.0\cucumber-pdf-report-2.14.0.jar;C:\Users\PC\.m2\repository\org\apache\pdfbox\pdfbox\2.0.26\pdfbox-2.0.26.jar;C:\Users\PC\.m2\repository\org\apache\pdfbox\fontbox\2.0.26\fontbox-2.0.26.jar;C:\Users\PC\.m2\repository\org\knowm\xchart\xchart\3.8.0\xchart-3.8.0.jar;C:\Users\PC\.m2\repository\de\erichseifert\vectorgraphics2d\VectorGraphics2D\0.13\VectorGraphics2D-0.13.jar;C:\Users\PC\.m2\repository\de\rototor\pdfbox\graphics2d\0.30\graphics2d-0.30.jar;C:\Users\PC\.m2\repository\com\madgag\animated-gif-lib\1.4\animated-gif-lib-1.4.jar;C:\Users\PC\.m2\repository\org\yaml\snakeyaml\2.0\snakeyaml-2.0.jar;C:\Users\PC\.m2\repository\tech\grasshopper\table-layout\1.5.1\table-layout-1.5.1.jar;C:\Users\PC\.m2\repository\tech\grasshopper\rest-assured-cucumber-pdf-report\1.5.0\rest-assured-cucumber-pdf-report-1.5.0.jar;C:\Users\PC\.m2\repository\org\jsoup\jsoup\1.15.3\jsoup-1.15.3.jar;C:\Users\PC\.m2\repository\com\aventstack\klov-reporter\5.1.0\klov-reporter-5.1.0.jar;C:\Users\PC\.m2\repository\org\mongodb\mongodb-driver\3.6.4\mongodb-driver-3.6.4.jar;C:\Users\PC\.m2\repository\org\mongodb\mongodb-driver-core\3.6.4\mongodb-driver-core-3.6.4.jar;C:\Users\PC\.m2\repository\org\mongodb\bson\3.6.4\bson-3.6.4.jar;C:\Users\PC\.m2\repository\org\apache\httpcomponents\httpclient\4.5.13\httpclient-4.5.13.jar;C:\Users\PC\.m2\repository\org\apache\httpcomponents\httpcore\4.4.13\httpcore-4.4.13.jar;C:\Users\PC\.m2\repository\commons-logging\commons-logging\1.2\commons-logging-1.2.jar;C:\Users\PC\.m2\repository\org\apache\httpcomponents\httpmime\4.5.13\httpmime-4.5.13.jar;C:\Users\PC\.m2\repository\tech\grasshopper\htmlextentreporter\1.1.0\htmlextentreporter-1.1.0.jar;C:\Users\PC\.m2\repository\tech\grasshopper\extent-excel-report\1.4.0\extent-excel-report-1.4.0.jar;C:\Users\PC\.m2\repository\io\cucumber\cucumber-core\7.27.2\cucumber-core-7.27.2.jar;C:\Users\PC\.m2\repository\io\cucumber\cucumber-gherkin\7.27.2\cucumber-gherkin-7.27.2.jar;C:\Users\PC\.m2\repository\io\cucumber\cucumber-gherkin-messages\7.27.2\cucumber-gherkin-messages-7.27.2.jar;C:\Users\PC\.m2\repository\io\cucumber\gherkin\34.0.0\gherkin-34.0.0.jar;C:\Users\PC\.m2\repository\org\assertj\assertj-core\3.27.4\assertj-core-3.27.4.jar;C:\Users\PC\.m2\repository\io\cucumber\messages\28.1.0\messages-28.1.0.jar;C:\Users\PC\.m2\repository\io\cucumber\pretty-formatter\2.1.0\pretty-formatter-2.1.0.jar;C:\Users\PC\.m2\repository\io\cucumber\query\13.6.0\query-13.6.0.jar;C:\Users\PC\.m2\repository\io\cucumber\testng-xml-formatter\0.5.0\testng-xml-formatter-0.5.0.jar;C:\Users\PC\.m2\repository\io\cucumber\tag-expressions\6.1.2\tag-expressions-6.1.2.jar;C:\Users\PC\.m2\repository\io\cucumber\cucumber-expressions\18.0.1\cucumber-expressions-18.0.1.jar;C:\Users\PC\.m2\repository\io\cucumber\datatable\7.27.2\datatable-7.27.2.jar;C:\Users\PC\.m2\repository\io\cucumber\cucumber-plugin\7.27.2\cucumber-plugin-7.27.2.jar;C:\Users\PC\.m2\repository\io\cucumber\docstring\7.27.2\docstring-7.27.2.jar;C:\Users\PC\.m2\repository\io\cucumber\html-formatter\21.13.0\html-formatter-21.13.0.jar;C:\Users\PC\.m2\repository\io\cucumber\junit-xml-formatter\0.8.1\junit-xml-formatter-0.8.1.jar;C:\Users\PC\.m2\repository\io\cucumber\ci-environment\10.0.1\ci-environment-10.0.1.jar
Launcher Type: SUN_STANDARD

[Global flags]
     intx CICompilerCount                          = 4                                         {product} {ergonomic}
     uint ConcGCThreads                            = 2                                         {product} {ergonomic}
     uint G1ConcRefinementThreads                  = 8                                         {product} {ergonomic}
   size_t G1HeapRegionSize                         = 1048576                                   {product} {ergonomic}
    uintx GCDrainStackTargetSize                   = 64                                        {product} {ergonomic}
   size_t InitialHeapSize                          = 134217728                                 {product} {ergonomic}
   size_t MarkStackSize                            = 4194304                                   {product} {ergonomic}
   size_t MaxHeapSize                              = 2122317824                                {product} {ergonomic}
   size_t MaxNewSize                               = 1272971264                                {product} {ergonomic}
   size_t MinHeapDeltaBytes                        = 1048576                                   {product} {ergonomic}
   size_t MinHeapSize                              = 8388608                                   {product} {ergonomic}
    uintx NonNMethodCodeHeapSize                   = 5839372                                {pd product} {ergonomic}
    uintx NonProfiledCodeHeapSize                  = 122909434                              {pd product} {ergonomic}
    uintx ProfiledCodeHeapSize                     = 122909434                              {pd product} {ergonomic}
    uintx ReservedCodeCacheSize                    = 251658240                              {pd product} {ergonomic}
     bool SegmentedCodeCache                       = true                                      {product} {ergonomic}
     bool ShowCodeDetailsInExceptionMessages       = true                                   {manageable} {command line}
   size_t SoftMaxHeapSize                          = 2122317824                             {manageable} {ergonomic}
     bool UseCompressedOops                        = true                           {product lp64_product} {ergonomic}
     bool UseG1GC                                  = true                                      {product} {ergonomic}
     bool UseLargePagesIndividualAllocation        = false                                  {pd product} {ergonomic}

Logging:
Log output configuration:
 #0: stdout all=warning uptime,level,tags foldmultilines=false
 #1: stderr all=off uptime,level,tags foldmultilines=false

Environment Variables:
JAVA_HOME=C:\Program Files\Java\jdk-21
PATH=C:/Users/PC/.p2/pool/plugins/org.eclipse.justj.openjdk.hotspot.jre.full.win32.x86_64_21.0.8.v20250724-1412/jre/bin/server;C:/Users/PC/.p2/pool/plugins/org.eclipse.justj.openjdk.hotspot.jre.full.win32.x86_64_21.0.8.v20250724-1412/jre/bin;C:\Program Files (x86)\Common Files\Oracle\Java\javapath;C:\WINDOWS\system32;C:\WINDOWS;C:\WINDOWS\System32\Wbem;C:\WINDOWS\System32\WindowsPowerShell\v1.0\;C:\WINDOWS\System32\OpenSSH\;C:\Program Files\dotnet\;C:\Program Files (x86)\Intel\Intel(R) Management Engine Components\DAL;C:\Program Files\Intel\Intel(R) Management Engine Components\DAL;C:\Program Files\Intel\WiFi\bin\;C:\Program Files\Common Files\Intel\WirelessCommon\;C:\Program Files\Microsoft SQL Server\150\Tools\Binn\;C:\Program Files\Java\jdk-21\bin;C:\Program Files\Git\cmd;C:\Users\PC\Downloads\apache-maven-3.9.11-bin\apache-maven-3.9.11\bin;C:\Program Files\Nodejs;C:\Program Files (x86)\VMware\VMware Player\bin\;C:\Windows\system32;C:\Windows;C:\Windows\System32\Wbem;C:\Windows\System32\WindowsPowerShell\v1.0\;C:\Windows\System32\OpenSSH\;C:\Program Files\dotnet\;C:\Program Files (x86)\Intel\Intel(R) Management Engine Components\DAL;C:\Program Files\Intel\Intel(R) Management Engine Components\DAL;C:\Program Files\nodejs\;C:\Users\PC\AppData\Local\Programs\Python\Python311\Scripts\;C:\Users\PC\AppData\Local\Programs\Python\Python311\;C:\Users\PC\AppData\Local\Microsoft\WindowsApps;C:\Users\PC\AppData\Local\Programs\Microsoft VS Code\bin;C:\Program Files\nodejs;C:\MinGW\bin;C:\Users\PC\.dotnet\tools;C:\Users\PC\AppData\Local\Microsoft\WindowsApps;;C:\WINDOWS\system32;
USERNAME=PC
OS=Windows_NT
PROCESSOR_IDENTIFIER=Intel64 Family 6 Model 142 Stepping 10, GenuineIntel
TMP=C:\Users\PC\AppData\Local\Temp
TEMP=C:\Users\PC\AppData\Local\Temp




Periodic native trim disabled

---------------  S Y S T E M  ---------------

OS:
 Windows 10 , 64 bit Build 19041 (10.0.19041.5915)
OS uptime: 0 days 0:18 hours
Hyper-V role detected

CPU: total 8 (initial active 8) (4 cores per cpu, 2 threads per core) family 6 model 142 stepping 10 microcode 0xf0, cx8, cmov, fxsr, ht, mmx, 3dnowpref, sse, sse2, sse3, ssse3, sse4.1, sse4.2, popcnt, lzcnt, tsc, tscinvbit, avx, avx2, aes, erms, clmul, bmi1, bmi2, adx, fma, vzeroupper, clflush, clflushopt, hv, rdtscp, f16c
Processor Information for the first 8 processors :
  Max Mhz: 1992, Current Mhz: 1792, Mhz Limit: 1792

Memory: 4k page, system-wide physical 8089M (741M free)
TotalPageFile size 10137M (AvailPageFile size 3M)
current process WorkingSet (physical memory assigned to process): 160M, peak: 178M
current process commit charge ("private bytes"): 235M, peak: 295M

vm_info: OpenJDK 64-Bit Server VM (21.0.8+9-LTS) for windows-amd64 JRE (21.0.8+9-LTS), built on 2025-07-15T00:00:00Z by "admin" with MS VC++ 17.7 (VS2022)

END.
